

Starting up. 15:02.10
---------------------

[15:02:10]ADMIN: Loading jobban_rank
[15:02:10]ADMIN: jobban_keylist was empty
[15:02:10]ADMIN: Updating jobbanfile!
[15:02:10]ADMIN: Loading Banlist
[15:02:10]ADMIN: Banlist is empty.
[15:02:10]ADMIN: Banlist missing base dir.
[15:02:10]ADMIN: Loading whitelist
[15:02:10]ADMIN: Failed to load bwhitelist. Error: Невозможно создать файл, так как он уже существует.

Downloading updated ToR data...
ToR data updated!
[15:07:18]ACCESS: Logout: BTARDo/(BTARDo)


Starting up. 15:11.01
---------------------

[15:11:01]ADMIN: Loading jobban_rank
[15:11:01]ADMIN: jobban_keylist was empty
[15:11:01]ADMIN: Updating jobbanfile!
[15:11:01]ADMIN: Loading Banlist
[15:11:01]ADMIN: Loading whitelist
[15:11:01]ADMIN: Failed to load bwhitelist. Error: Невозможно создать файл, так как он уже существует.

[15:11:06]ADMIN: BTARDo has started the game.
[15:11:07]ACCESS: Logout: *no client*/(BTARDo)
[15:11:07]ACCESS: Login: BTARDo/(Leroy Stephenson) from 127.0.0.1-3613440516 || BYOND v498
[15:11:17]SAY: Alex ЯЯЯ/BTARDo : ЯЯЯ&#255;&#255;&#255;
[15:13:34]ADMIN: BTARDo/(Alex ЯЯЯ) jumped to the Captain's Quarters
[15:13:37]ADMIN: BTARDo/(Alex ЯЯЯ) jumped to 101,126,1 in the Captain's Quarters
[15:14:11]SAY: Alex ЯЯЯ (as Captain)/BTARDo : уууууeeeeeee
[15:15:01]ACCESS: Logout: BTARDo/(Alex ЯЯЯ)


Starting up. 15:19.02
---------------------

[15:19:02]ADMIN: Loading jobban_rank
[15:19:02]ADMIN: jobban_keylist was empty
[15:19:02]ADMIN: Updating jobbanfile!
[15:19:02]ADMIN: Loading Banlist
[15:19:02]ADMIN: Loading whitelist
[15:19:02]ADMIN: Failed to load bwhitelist. Error: Невозможно создать файл, так как он уже существует.

[15:20:30]ADMIN: BTARDo has started the game.
[15:20:31]ACCESS: Logout: *no client*/(BTARDo)
[15:20:31]ACCESS: Login: BTARDo/(Noel Knapp) from 127.0.0.1-3613440516 || BYOND v498
[15:20:56]SAY: Noel Knapp/BTARDo : ZZZzzЯЯЯ
[15:20:59]SAY: Noel Knapp/BTARDo : ЯЯЯЯ&#255;&#255;&#255;
[15:21:00]SAY: mouse/ : Squeek?
[15:21:32]ACCESS: Logout: BTARDo/(Noel Knapp)


Starting up. 15:33.11
---------------------

[15:33:11]ADMIN: Loading jobban_rank
[15:33:11]ADMIN: jobban_keylist was empty
[15:33:11]ADMIN: Updating jobbanfile!
[15:33:11]ADMIN: Loading Banlist
[15:33:11]ADMIN: Loading whitelist
[15:33:11]ADMIN: Failed to load bwhitelist. Error: Невозможно создать файл, так как он уже существует.

[15:33:58]ADMIN: BTARDo has started the game.
[15:33:59]ACCESS: Logout: *no client*/(BTARDo)
[15:33:59]ACCESS: Login: BTARDo/(Noel Knapp) from 127.0.0.1-3613440516 || BYOND v498
[15:34:52]SAY: mouse/ : SQUEEK!
[15:36:07]ACCESS: Logout: BTARDo/(Noel Knapp)


Starting up. 15:39.35
---------------------

[15:39:35]ADMIN: Loading jobban_rank
[15:39:35]ADMIN: jobban_keylist was empty
[15:39:35]ADMIN: Updating jobbanfile!
[15:39:35]ADMIN: Loading Banlist
[15:39:35]ADMIN: Loading whitelist
[15:39:35]ADMIN: Failed to load bwhitelist. Error: Не найден указанный модуль.

[15:39:50]ACCESS: Login: BTARDo/(BTARDo) from 127.0.0.1-3613440516 || BYOND v498
[15:41:38]ACCESS: Logout: *no client*/(BTARDo)
[15:41:38]ACCESS: Login: BTARDo/(Noel Knapp) from 127.0.0.1-3613440516 || BYOND v498
[15:42:29]ACCESS: Logout: BTARDo/(Noel Knapp)
[15:42:33]ACCESS: Login: BTARDo/(Noel Knapp) from 127.0.0.1-3613440516 || BYOND v498
[15:42:45]ACCESS: Logout: BTARDo/(Noel Knapp)


Starting up. 15:57.10
---------------------

[15:57:10]ADMIN: Loading jobban_rank
[15:57:10]ADMIN: jobban_keylist was empty
[15:57:10]ADMIN: Updating jobbanfile!
[15:57:10]ADMIN: Loading Banlist
[15:57:10]ADMIN: Loading whitelist
[15:57:10]ADMIN: Failed to load bwhitelist. Error: Не найден указанный модуль.

[15:57:24]ACCESS: Login: BTARDo/(BTARDo) from 127.0.0.1-3613440516 || BYOND v498
[15:57:33]ADMIN: BTARDo has started the game.
[15:57:33]ACCESS: Logout: *no client*/(BTARDo)
[15:57:33]ACCESS: Login: BTARDo/(Noel Knapp) from 127.0.0.1-3613440516 || BYOND v498
[15:57:55]ADMIN: BTARDo/(Noel Knapp) has toggled BTARDo/(Noel Knapp)'s nodamage to On
[15:58:26]EMOTE: Noel Knapp/BTARDo : <B>Noel Knapp</B> gasps for air!
[15:58:30]EMOTE: Noel Knapp/BTARDo : <B>Noel Knapp</B> gasps!
[15:58:30]ADMIN: BTARDo/(Noel Knapp) jumped to Atmospherics
[15:59:08]EMOTE: Noel Knapp/BTARDo : <B>Noel Knapp</B> gasps for air!
[15:59:10]EMOTE: Noel Knapp/BTARDo : <B>Noel Knapp</B> gasps!
[15:59:20]EMOTE: Noel Knapp/BTARDo : <B>Noel Knapp</B> gasps for air!
[15:59:26]EMOTE: Noel Knapp/BTARDo : <B>Noel Knapp</B> coughs up blood!
[15:59:26]EMOTE: Noel Knapp/BTARDo : <B>Noel Knapp</B> gasps!
[16:00:24]EMOTE: Noel Knapp/BTARDo : <B>Noel Knapp</B> gasps for air!
[16:00:26]EMOTE: Noel Knapp/BTARDo : <B>Noel Knapp</B> coughs up blood!
[16:01:22]EMOTE: Noel Knapp/BTARDo : <B>Noel Knapp</B> gasps for air!
[16:01:26]EMOTE: Noel Knapp/BTARDo : <B>Noel Knapp</B> gasps for air!
[16:01:26]EMOTE: Noel Knapp/BTARDo : <B>Noel Knapp</B> gasps!
[16:01:57]ACCESS: Logout: BTARDo/(Noel Knapp)


Starting up. 16:13.43
---------------------

[16:13:43]ADMIN: Loading jobban_rank
[16:13:43]ADMIN: jobban_keylist was empty
[16:13:43]ADMIN: Updating jobbanfile!
[16:13:43]ADMIN: Loading Banlist
[16:13:43]ADMIN: Loading whitelist
[16:13:43]ADMIN: Failed to load bwhitelist. Error: Невозможно создать файл, так как он уже существует.

[16:13:45]ADMIN: BTARDo has started the game.
[16:13:45]ACCESS: Logout: *no client*/(BTARDo)
[16:13:45]ACCESS: Login: BTARDo/(Noel Knapp) from 127.0.0.1-3613440516 || BYOND v498
[16:13:55]EMOTE: Noel Knapp/BTARDo : <B>Noel Knapp</B> gasps!
[16:13:59]EMOTE: Noel Knapp/BTARDo : <B>Noel Knapp</B> gasps!
[16:14:01]EMOTE: Noel Knapp/BTARDo : <B>Noel Knapp</B> gasps!
[16:14:03]EMOTE: Noel Knapp/BTARDo : <B>Noel Knapp</B> gasps!
[16:14:22]ACCESS: Logout: BTARDo/(Noel Knapp)


Starting up. 17:00.01
---------------------

[17:00:01]ADMIN: Loading jobban_rank
[17:00:01]ADMIN: jobban_keylist was empty
[17:00:01]ADMIN: Updating jobbanfile!
[17:00:01]ADMIN: Loading Banlist
[17:00:01]ADMIN: Loading whitelist
[17:00:01]ADMIN: Failed to load bwhitelist. Error: Невозможно создать файл, так как он уже существует.

[17:00:10]ADMIN: BTARDo has started the game.
[17:01:00]ACCESS: Logout: BTARDo/(BTARDo)


Starting up. 17:02.48
---------------------

[17:02:48]ADMIN: Loading jobban_rank
[17:02:48]ADMIN: jobban_keylist was empty
[17:02:48]ADMIN: Updating jobbanfile!
[17:02:48]ADMIN: Loading Banlist
[17:02:48]ADMIN: Loading whitelist
[17:02:48]ADMIN: Failed to load bwhitelist. Error: Невозможно создать файл, так как он уже существует.

[17:03:14]ADMIN: BTARDo has started the game.
[17:03:26]ADMIN: BTARDo/(BTARDo) set the forced secret mode as traitor.
[17:03:30]ADMIN: BTARDo has started the game.
[17:03:30]ACCESS: Logout: *no client*/(BTARDo)
[17:03:30]ACCESS: Login: BTARDo/(Noel Knapp) from 127.0.0.1-3613440516 || BYOND v498
[17:08:24]ADMIN: BTARDo/(Noel Knapp) jumped to 162,169,1 in Engineering
[17:10:20]ADMIN: BTARDo/(Noel Knapp) jumped to 155,177,1 in Engineering
[17:11:23]GAME: PA Control Computer turned ON by btardo(Noel Knapp) in (158,174,1)
[17:11:24]GAME: PA Control Computer increased to 1 by btardo(Noel Knapp) in (158,174,1)
[17:11:25]GAME: PA Control Computer increased to 2 by btardo(Noel Knapp) in (158,174,1)
[17:11:30]ADMIN: BTARDo/(Noel Knapp) jumped to 158,169,1 in Engineering
[17:11:36]ADMIN: BTARDo/(Noel Knapp) healed / Rrvived BTARDo/(Noel Knapp)
[17:11:45]ADMIN: BTARDo/(Noel Knapp) healed / Rrvived BTARDo/(Noel Knapp)
[17:11:59]ADMIN: BTARDo/(Noel Knapp) healed / Rrvived BTARDo/(Noel Knapp)
[17:12:24]ADMIN: BTARDo/(Noel Knapp) healed / Rrvived BTARDo/(Noel Knapp)
[17:12:32]ADMIN: BTARDo/(Noel Knapp) healed / Rrvived BTARDo/(Noel Knapp)
[17:12:35]ADMIN: BTARDo/(Noel Knapp) jumped to 161,169,1 in Engineering
[17:12:39]EMOTE: Noel Knapp/BTARDo : <B>Noel Knapp</B> seizes up and falls limp, his eyes dead and lifeless...
[17:12:43]ADMIN: BTARDo/(Noel Knapp) healed / Rrvived BTARDo/(Noel Knapp)
[17:12:56]ADMIN: BTARDo/(Noel Knapp) jumped to 157,171,1 in Engineering
[17:13:22]ADMIN: BTARDo/(Noel Knapp) modified Gravitational Singularity's energy to 800
[17:13:50]ACCESS: Logout: BTARDo/(Noel Knapp)


Starting up. 17:22.10
---------------------

[17:22:10]ADMIN: Loading jobban_rank
[17:22:10]ADMIN: jobban_keylist was empty
[17:22:10]ADMIN: Updating jobbanfile!
[17:22:10]ADMIN: Loading Banlist
[17:22:10]ADMIN: Loading whitelist
[17:22:10]ADMIN: Failed to load bwhitelist. Error: Невозможно создать файл, так как он уже существует.

[17:22:25]ADMIN: BTARDo has started the game.
[17:22:25]ACCESS: Logout: *no client*/(BTARDo)
[17:22:25]ACCESS: Login: BTARDo/(Noel Knapp) from 127.0.0.1-3613440516 || BYOND v498
[17:22:47]ADMIN: BTARDo/(Noel Knapp) jumped to Beach
[17:22:52]ADMIN: BTARDo/(Noel Knapp) jumped to Engineering
[17:23:23]ADMIN: BTARDo/(Noel Knapp) jumped to 155,174,1 in Space
[17:23:41]ADMIN: BTARDo/(Noel Knapp) jumped to 148,171,1 in Engineering
[17:23:47]ACCESS: Logout: BTARDo/(Noel Knapp)


Starting up. 18:32.57
---------------------

[18:32:57]ADMIN: Loading jobban_rank
[18:32:57]ADMIN: jobban_keylist was empty
[18:32:57]ADMIN: Updating jobbanfile!
[18:32:57]ADMIN: Loading Banlist
[18:32:57]ADMIN: Loading whitelist
[18:32:57]ADMIN: Failed to load bwhitelist. Error: Невозможно создать файл, так как он уже существует.

[18:33:19]ADMIN: BTARDo has started the game.
[18:33:20]ACCESS: Logout: *no client*/(BTARDo)
[18:33:20]ACCESS: Login: BTARDo/(Noel Knapp) from 127.0.0.1-3613440516 || BYOND v498
[18:33:33]ADMIN: BTARDo/(Noel Knapp) jumped to Atmospherics
[18:33:49]ADMIN: BTARDo/(Noel Knapp) jumped to 167,194,1 in the Engineering Break Room
[18:33:52]ADMIN: BTARDo/(Noel Knapp) jumped to 160,194,1 in the Aft Primary Hallway
[18:34:21]ADMIN: BTARDo/(Noel Knapp) jumped to 162,206,1 in Atmospherics
[18:35:00]ACCESS: Logout: BTARDo/(Noel Knapp)


Starting up. 18:38.43
---------------------

[18:38:43]ADMIN: Loading jobban_rank
[18:38:43]ADMIN: jobban_keylist was empty
[18:38:43]ADMIN: Updating jobbanfile!
[18:38:43]ADMIN: Loading Banlist
[18:38:43]ADMIN: Loading whitelist
[18:38:43]ADMIN: Failed to load bwhitelist. Error: Невозможно создать файл, так как он уже существует.

[18:39:08]ADMIN: BTARDo/(BTARDo) set the forced secret mode as extended.
[18:39:12]ADMIN: BTARDo has started the game.
[18:39:12]ACCESS: Logout: *no client*/(BTARDo)
[18:39:12]ACCESS: Login: BTARDo/(Noel Knapp) from 127.0.0.1-3613440516 || BYOND v498
[18:39:29]ADMIN: BTARDo/(Noel Knapp) jumped to Atmospherics
[18:39:37]ADMIN: BTARDo/(Noel Knapp) jumped to 166,207,1 in Atmospherics
[18:39:45]ADMIN: BTARDo/(Noel Knapp) jumped to 159,207,1 in the Aft Primary Hallway
[18:40:32]ACCESS: Logout: BTARDo/(Noel Knapp)


Starting up. 18:47.11
---------------------

[18:47:11]ADMIN: Loading jobban_rank
[18:47:11]ADMIN: jobban_keylist was empty
[18:47:11]ADMIN: Updating jobbanfile!
[18:47:11]ADMIN: Loading Banlist
[18:47:11]ADMIN: Loading whitelist
[18:47:11]ADMIN: Failed to load bwhitelist. Error: Невозможно создать файл, так как он уже существует.

[18:47:30]ADMIN: BTARDo has started the game.
[18:47:30]ACCESS: Logout: *no client*/(BTARDo)
[18:47:30]ACCESS: Login: BTARDo/(Noel Knapp) from 127.0.0.1-3613440516 || BYOND v498
[18:48:47]ACCESS: Logout: BTARDo/(Noel Knapp)


Starting up. 18:50.23
---------------------

[18:50:23]ADMIN: Loading jobban_rank
[18:50:23]ADMIN: jobban_keylist was empty
[18:50:23]ADMIN: Updating jobbanfile!
[18:50:23]ADMIN: Loading Banlist
[18:50:23]ADMIN: Loading whitelist
[18:50:23]ADMIN: Failed to load bwhitelist. Error: Невозможно создать файл, так как он уже существует.

[18:50:57]ACCESS: Login: BTARDo/(BTARDo) from 127.0.0.1-3613440516 || BYOND v498
[18:51:09]ADMIN: BTARDo has started the game.
[18:51:09]ACCESS: Logout: *no client*/(BTARDo)
[18:51:09]ACCESS: Login: BTARDo/(Noel Knapp) from 127.0.0.1-3613440516 || BYOND v498
[18:51:46]ACCESS: Logout: BTARDo/(Noel Knapp)
[18:52:53]ACCESS: Login: BTARDo/(Noel Knapp) from 127.0.0.1-3613440516 || BYOND v498
[18:54:05]ACCESS: Logout: BTARDo/(Noel Knapp)


Starting up. 18:55.03
---------------------

[18:55:03]ADMIN: Loading jobban_rank
[18:55:03]ADMIN: jobban_keylist was empty
[18:55:03]ADMIN: Updating jobbanfile!
[18:55:03]ADMIN: Loading Banlist
[18:55:03]ADMIN: Loading whitelist
[18:55:03]ADMIN: Failed to load bwhitelist. Error: Невозможно создать файл, так как он уже существует.

[18:55:14]ADMIN: BTARDo has started the game.
[18:55:15]ACCESS: Logout: *no client*/(BTARDo)
[18:55:15]ACCESS: Login: BTARDo/(Noel Knapp) from 127.0.0.1-3613440516 || BYOND v498
[18:56:04]ACCESS: Logout: BTARDo/(Noel Knapp)


Starting up. 22:25.27
---------------------

[22:25:28]ADMIN: Loading jobban_rank
[22:25:28]ADMIN: jobban_keylist was empty
[22:25:28]ADMIN: Updating jobbanfile!
[22:25:28]ADMIN: Loading Banlist
[22:25:28]ADMIN: Loading whitelist
[22:25:28]ADMIN: Failed to load bwhitelist. Error: Не найден указанный модуль.

[22:25:34]ACCESS: Login: BTARDo/(BTARDo) from 127.0.0.1-3613440516 || BYOND v498
[22:26:16]ADMIN: BTARDo has started the game.
[22:26:16]ACCESS: Logout: *no client*/(BTARDo)
[22:26:17]ACCESS: Login: BTARDo/(Noel Knapp) from 127.0.0.1-3613440516 || BYOND v498
[22:26:50]ADMIN: BTARDo/(Noel Knapp) jumped to 150,198,1 in the AI Upload Chamber
[22:29:13]ADMIN: BTARDo/(Noel Knapp) jumped to 150,198,1 in the AI Upload Chamber
[22:29:30]ADMIN: BTARDo/(Noel Knapp) jumped to 141,185,1 in the Custodial Closet
[22:29:33]ADMIN: BTARDo/(Noel Knapp) jumped to 141,189,1 in the Custodial Closet
[22:29:46]EMOTE: Noel Knapp/BTARDo : <B>Noel Knapp</B> gasps!
[22:30:11]EMOTE: Noel Knapp/BTARDo : <B>Noel Knapp</B> gasps!
[22:30:16]ACCESS: Logout: BTARDo/(Noel Knapp)


Starting up. 22:40.00
---------------------

[22:40:00]ADMIN: Loading jobban_rank
[22:40:00]ADMIN: jobban_keylist was empty
[22:40:00]ADMIN: Updating jobbanfile!
[22:40:00]ADMIN: Loading Banlist
[22:40:00]ADMIN: Loading whitelist
[22:40:00]ADMIN: Failed to load bwhitelist. Error: Невозможно создать файл, так как он уже существует.

[22:40:13]ACCESS: Login: BTARDo/(BTARDo) from 127.0.0.1-3613440516 || BYOND v498
[22:40:20]ADMIN: BTARDo has started the game.
[22:40:20]ACCESS: Logout: *no client*/(BTARDo)
[22:40:20]ACCESS: Login: BTARDo/(Noel Knapp) from 127.0.0.1-3613440516 || BYOND v498
[22:40:52]ADMIN: BTARDo/(Noel Knapp) jumped to 152,198,1 in the AI Upload Chamber
[22:41.40] CPR BUGHINTING: Noel Knapp shakes Noel Knapp: health - 100, threshold - 0. Health details: OX 0 TX 0 BU 0 BR 0  Blood: 560 out of 560
[22:41:49]ADMIN: BTARDo/(Noel Knapp) jumped to 152,203,1 in the AI Upload Chamber
[22:41:54]ADMIN: BTARDo/(Noel Knapp) jumped to 151,203,1 in the AI Upload Chamber
[22:41:58]ADMIN: BTARDo/(Noel Knapp) jumped to 152,206,1 in the AI Chamber
[22:42:18]ADMIN: BTARDo/(Noel Knapp) jumped to 150,207,1 in the AI Chamber
[22:42.19] CPR BUGHINTING: Noel Knapp shakes Noel Knapp: health - 100, threshold - 0. Health details: OX 0 TX 0 BU 0 BR 0  Blood: 560 out of 560
[22:44:22]ADMIN: BTARDo/(Noel Knapp) jumped to 151,206,1 in the AI Chamber
[22:44:25]ADMIN: BTARDo/(Noel Knapp) jumped to 151,204,1 in the AI Chamber
[22:44:27]ADMIN: BTARDo/(Noel Knapp) jumped to 151,203,1 in the AI Upload Chamber
[22:44:33]ADMIN: BTARDo/(Noel Knapp) jumped to 151,199,1 in the AI Upload Chamber
[22:44:36]ADMIN: BTARDo/(Noel Knapp) jumped to 150,198,1 in the AI Upload Chamber
[22:44:39]ADMIN: BTARDo/(Noel Knapp) jumped to 150,193,1 in Secure Network Access
[22:44:46]ADMIN: BTARDo/(Noel Knapp) jumped to 130,186,1 in Medbay
[22:44:51]ADMIN: BTARDo/(Noel Knapp) jumped to 125,187,1 in Medbay
[22:44:57]ADMIN: BTARDo/(Noel Knapp) jumped to 129,185,1 in Medbay
[22:44:59]ADMIN: BTARDo/(Noel Knapp) jumped to 133,187,1 in the Fore Primary Hallway
[22:45:03]ACCESS: Logout: BTARDo/(Noel Knapp)
