

Starting up. 11:01.04
---------------------

[11:01:04]ADMIN: Loading jobban_rank
[11:01:04]ADMIN: jobban_keylist was empty
[11:01:04]ADMIN: Updating jobbanfile!
[11:01:04]ADMIN: Loading Banlist


Starting up. 11:02.11
---------------------

[11:02:11]ADMIN: Loading jobban_rank
[11:02:11]ADMIN: jobban_keylist was empty
[11:02:11]ADMIN: Updating jobbanfile!
[11:02:11]ADMIN: Loading Banlist
[11:02:13]ACCESS: Logout: BTARDo/(BTARDo)


Starting up. 11:04.22
---------------------

[11:04:22]ADMIN: Loading jobban_rank
[11:04:22]ADMIN: jobban_keylist was empty
[11:04:22]ADMIN: Updating jobbanfile!
[11:04:22]ADMIN: Loading Banlist
[11:04:22]ADMIN: Banlist is empty.
[11:04:22]ADMIN: Banlist missing base dir.
[11:04:40]ADMIN: BTARDo has started the game.
[11:04:40]ACCESS: Logout: *no client*/(BTARDo)
[11:04:40]ACCESS: Login: BTARDo/(Noel Knapp) from 127.0.0.1-3613440516 || BYOND v498
[11:06:25]SAY: Runtime/ : Purr!
[11:07:44]EMOTE: Noel Knapp/BTARDo : <B>Noel Knapp</B> seizes up and falls limp, his eyes dead and lifeless...
[11:07:57]ADMIN: BTARDo/(Noel Knapp) healed / Rrvived BTARDo/(Noel Knapp)
[11:07:59]ADMIN: BTARDo/(Noel Knapp) healed / Rrvived BTARDo/(Noel Knapp)
[11:08:00]ADMIN: BTARDo/(Noel Knapp) healed / Rrvived BTARDo/(Noel Knapp)
[11:08:00]ADMIN: BTARDo/(Noel Knapp) healed / Rrvived BTARDo/(Noel Knapp)
[11:08:01]ADMIN: BTARDo/(Noel Knapp) healed / Rrvived BTARDo/(Noel Knapp)
[11:08:09]ADMIN: BTARDo/(Noel Knapp) has toggled BTARDo/(Noel Knapp)'s nodamage to On
[11:08:11]ADMIN: BTARDo/(Noel Knapp) has toggled BTARDo/(Noel Knapp)'s nodamage to Off
[11:08:15]ADMIN: BTARDo/(Noel Knapp) has toggled BTARDo/(Noel Knapp)'s nodamage to On
[11:09:37]SAY: mouse/ : SQUEEK!
[11:09:41]SAY: mouse/ : Squeek!
[11:09:41]SAY: Tom/ : Squeek!
[11:10:10]ACCESS: Logout: BTARDo/(Noel Knapp)


Starting up. 11:15.22
---------------------

[11:15:22]ADMIN: Loading jobban_rank
[11:15:22]ADMIN: jobban_keylist was empty
[11:15:22]ADMIN: Updating jobbanfile!
[11:15:22]ADMIN: Loading Banlist
[11:19:30]ACCESS: Login: BTARDo/(BTARDo) from 127.0.0.1-3613440516 || BYOND v498
[11:19:37]ADMIN: BTARDo has started the game.
[11:19:37]ACCESS: Logout: *no client*/(BTARDo)
[11:19:37]ACCESS: Login: BTARDo/(Noel Knapp) from 127.0.0.1-3613440516 || BYOND v498
[11:19:56]ADMIN: BTARDo/(Noel Knapp) jumped to Research Division
[11:21:37]ACCESS: Logout: BTARDo/(Noel Knapp)


Starting up. 11:26.33
---------------------

[11:26:33]ADMIN: Loading jobban_rank
[11:26:33]ADMIN: jobban_keylist was empty
[11:26:33]ADMIN: Updating jobbanfile!
[11:26:33]ADMIN: Loading Banlist
[11:27:02]ACCESS: Login: BTARDo/(BTARDo) from 127.0.0.1-3613440516 || BYOND v498
[11:27:07]ADMIN: BTARDo has started the game.
[11:27:08]ACCESS: Logout: *no client*/(BTARDo)
[11:27:08]ACCESS: Login: BTARDo/(Noel Knapp) from 127.0.0.1-3613440516 || BYOND v498
[11:27:20]ADMIN: BTARDo/(Noel Knapp) jumped to Research Outpost
[11:27:30]ADMIN: BTARDo/(Noel Knapp) jumped to the Recharging Bay
[11:27:43]ADMIN: BTARDo/(Noel Knapp) jumped to the Research Hallway
[11:29:09]SAY: mouse/ : SQUEEK!
[11:30:02]SAY: mouse/ : SQUEEK!
[11:30:49]ACCESS: Logout: BTARDo/(Noel Knapp)


Starting up. 11:33.17
---------------------

[11:33:17]ADMIN: Loading jobban_rank
[11:33:17]ADMIN: jobban_keylist was empty
[11:33:17]ADMIN: Updating jobbanfile!
[11:33:17]ADMIN: Loading Banlist
[11:34:40]ACCESS: Login: BTARDo/(BTARDo) from 127.0.0.1-3613440516 || BYOND v498
[11:34:47]ADMIN: BTARDo has started the game.
[11:34:47]ACCESS: Logout: *no client*/(BTARDo)
[11:34:48]ACCESS: Login: BTARDo/(Noel Knapp) from 127.0.0.1-3613440516 || BYOND v498
[11:34:58]ADMIN: BTARDo/(Noel Knapp) jumped to the Research Hallway
[11:36:12]SAY: mouse/ : SQUEEK!
[11:36:52]SAY: Runtime/ : Purr!
[11:37:08]SAY: mouse/ : SQUEEK!
[11:37:08]SAY: mouse/ : Squeek!
[11:37:59]SAY: mouse/ : SQUEEK!
[11:38:37]SAY: mouse/ : Squeek?
[11:38:43]SAY: Ian/ : AUUUUUU
[11:39:43]SAY: mouse/ : Squeek?
[11:40:34]SAY: mouse/ : SQUEEK!
[11:42:21]SAY: mouse/ : SQUEEK!
[11:44:26]SAY: Tom/ : SQUEEK!
[11:46:17]SAY: Runtime/ : HSSSSS
[11:47.22] CPR BUGHINTING: Noel Knapp shakes Noel Knapp: health - 100, threshold - 0. Health details: OX 0 TX 0 BU 0 BR 0  Blood: 560 out of 560
[11:47:30]ADMIN: BTARDo/(Noel Knapp) has toggled BTARDo/(Noel Knapp)'s nodamage to On
[11:47:34]ADMIN: BTARDo/(Noel Knapp) jumped to 200,111,1 in the Toxins Mixing Room
[11:47:56]ADMIN: BTARDo/(Noel Knapp) created a /obj/item/weapon/lighter/zippo
[11:48:18]ADMIN: BTARDo/(Noel Knapp) jumped to 193,112,1 in the Toxins Mixing Room
[11:48:26]SAY: Tom/ : Squeek?
[11:48:28]SAY: Tom/ : Squeek?
[11:51:41]ACCESS: Logout: BTARDo/(Noel Knapp)


Starting up. 12:01.39
---------------------

[12:01:39]ADMIN: Loading jobban_rank
[12:01:39]ADMIN: jobban_keylist was empty
[12:01:39]ADMIN: Updating jobbanfile!
[12:01:39]ADMIN: Loading Banlist
[12:01:50]ADMIN: BTARDo has started the game.
[12:01:50]ACCESS: Logout: *no client*/(BTARDo)
[12:01:50]ACCESS: Login: BTARDo/(Noel Knapp) from 127.0.0.1-3613440516 || BYOND v498
[12:02:03]ADMIN: BTARDo/(Noel Knapp) jumped to the Chief Engineer's office
[12:02:08]ADMIN: BTARDo/(Noel Knapp) jumped to 121,83,1 in the Engineering Break Room
[12:02:37]SAY: Runtime/ : Meow!
[12:05:28]ACCESS: Logout: BTARDo/(Noel Knapp)


Starting up. 12:15.24
---------------------

[12:15:24]ADMIN: Loading jobban_rank
[12:15:24]ADMIN: jobban_keylist was empty
[12:15:24]ADMIN: Updating jobbanfile!
[12:15:24]ADMIN: Loading Banlist
[12:15:35]ADMIN: BTARDo has started the game.
[12:15:35]ACCESS: Logout: *no client*/(BTARDo)
[12:15:35]ACCESS: Login: BTARDo/(Noel Knapp) from 127.0.0.1-3613440516 || BYOND v498
[12:15:43]ADMIN: BTARDo/(Noel Knapp) jumped to the AI Chamber
[12:15:46]ADMIN: BTARDo/(Noel Knapp) jumped to 117,133,1 in the Bridge
[12:16:00]ADMIN: BTARDo/(Noel Knapp) jumped to 103,133,1 in the Bridge
[12:16:03]ADMIN: BTARDo/(Noel Knapp) jumped to 103,132,1 in the Captain's Quarters
[12:16:05]SAY: mouse/ : Squeek?
[12:16:06]ADMIN: BTARDo/(Noel Knapp) jumped to 108,130,1 in the Captain's Quarters
[12:16:09]ADMIN: BTARDo/(Noel Knapp) jumped to 107,127,1 in the Captain's Quarters
[12:16:11]ADMIN: BTARDo/(Noel Knapp) jumped to 108,127,1 in the Captain's Quarters
[12:16:13]ADMIN: BTARDo/(Noel Knapp) jumped to 109,127,1 in the AI Chamber
[12:16:40]SAY: Noel Knapp/BTARDo : &#34;q
[12:16:42]SAY: Noel Knapp/BTARDo : Эц
[12:16:43]SAY: Noel Knapp/BTARDo : Эй
[12:17:01]ADMIN: BTARDo/(Noel Knapp) jumped to 113,124,1 in the AI Chamber
[12:17:25]ADMIN: BTARDo/(Noel Knapp) jumped to Engineering
[12:17:28]ADMIN: BTARDo/(Noel Knapp) jumped to 118,70,1 in Engineering
[12:21:52]SAY: Ian/ : Bark!
[12:27:31]SAY: mouse/ : Squeek?
[12:28:19]SAY: Runtime/ : Esp!
[12:29:36]ACCESS: Logout: BTARDo/(Noel Knapp)


Starting up. 17:31.57
---------------------

[17:31:57]ADMIN: Loading jobban_rank
[17:31:57]ADMIN: jobban_keylist was empty
[17:31:57]ADMIN: Updating jobbanfile!
[17:31:57]ADMIN: Loading Banlist
[17:35:18]ACCESS: Login: BTARDo/(BTARDo) from 127.0.0.1-3613440516 || BYOND v498
[17:37:06]ACCESS: Logout: BTARDo/(BTARDo)


Starting up. 17:38.47
---------------------

[17:38:47]ADMIN: Loading jobban_rank
[17:38:47]ADMIN: jobban_keylist was empty
[17:38:47]ADMIN: Updating jobbanfile!
[17:38:47]ADMIN: Loading Banlist
[17:48:15]ACCESS: Logout: BTARDo/(BTARDo)


Starting up. 17:51.06
---------------------

[17:51:06]ADMIN: Loading jobban_rank
[17:51:06]ADMIN: jobban_keylist was empty
[17:51:06]ADMIN: Updating jobbanfile!
[17:51:06]ADMIN: Loading Banlist


Starting up. 18:03.02
---------------------

[18:03:02]ADMIN: Loading jobban_rank
[18:03:02]ADMIN: jobban_keylist was empty
[18:03:02]ADMIN: Updating jobbanfile!
[18:03:02]ADMIN: Loading Banlist
[18:03:02]ADMIN: Banlist is empty.
[18:03:02]ADMIN: Banlist missing base dir.
[18:06:18]ACCESS: Login: KrEwEdk0/(KrEwEdk0) from 31.131.202.143-4128135670 || BYOND v498
[18:06:36]OOC: KrEwEdk0/KrEwEdk0 : лол
[18:06:37]ADMIN: BTARDo has started the game.
[18:06:37]ACCESS: Logout: *no client*/(BTARDo)
[18:06:37]ACCESS: Login: BTARDo/(Noel Knapp) from 127.0.0.1-3613440516 || BYOND v498
[18:06:37]ACCESS: Logout: *no client*/(KrEwEdk0)
[18:06:37]ACCESS: Login: KrEwEdk0/(Alvin Fraser) from 31.131.202.143-4128135670 || BYOND v498
[18:06:38]OOC: /KrEwEdk0 : таймер
[18:07:00]OOC: Noel Knapp/BTARDo : Да
[18:07:07]ADMIN: BTARDo/(Noel Knapp) jumped to Research Division
[18:07:48]SAY: mouse/ : SQUEEK!
[18:07:53]OOC: Noel Knapp/BTARDo : Проверь газы с бомбами 
[18:07:55]OOC: Alvin Fraser/KrEwEdk0 : Заспавни мне центком эквипмент
[18:08:04]OOC: Noel Knapp/BTARDo : Зачем?
[18:08:10]OOC: Alvin Fraser/KrEwEdk0 : Я бл&#255;ть ШАХТЕР
[18:08:15]ADMIN: BTARDo/(Noel Knapp) teleported KrEwEdk0/(Alvin Fraser)
[18:08:22]OOC: Alvin Fraser/KrEwEdk0 : А двери &#255; как отыкрывать буду?
[18:08:33]ADMIN: BTARDo/(Noel Knapp) changed the equipment of KrEwEdk0/(Alvin Fraser) to centcom commander.
[18:08:36]SAY: mouse/ : Squeek?
[18:08:38]SAY: Alvin Fraser/KrEwEdk0 : НАГРЕВАТЕЛЬ?
[18:08:40]SAY: Alvin Fraser/KrEwEdk0 : ЛОЛШТО?
[18:08:50]SAY: Alvin Fraser/KrEwEdk0 : А фризер где?
[18:08:55]SAY: Noel Knapp/BTARDo : Был нагреваель
[18:09:01]SAY: Alvin Fraser/KrEwEdk0 : Нет
[18:09:16]SAY: Alvin Fraser/KrEwEdk0 : Нахуй нужен нагреватель, если есть теплоотводные трубы?
[18:09:16]SAY: Noel Knapp/BTARDo : Да
[18:09:22]SAY: Noel Knapp/BTARDo : На той карте был нагреватель
[18:09:26]SAY: Alvin Fraser/KrEwEdk0 : Сука
[18:09:30]SAY: Alvin Fraser/KrEwEdk0 : Это был фризер
[18:09:33]SAY: Noel Knapp/BTARDo : А ьез него никак?
[18:09:34]SAY: Alvin Fraser/KrEwEdk0 : Но  он горел красным
[18:09:36]SAY: Alvin Fraser/KrEwEdk0 : Ибо выключен
[18:09:45]SAY: Alvin Fraser/KrEwEdk0 : Никак
[18:09:48]SAY: Alvin Fraser/KrEwEdk0 : Спавни
[18:10:22]SAY: Alvin Fraser/KrEwEdk0 : Как-то тут пусто
[18:10:28]ADMIN: BTARDo/(Noel Knapp) created a /obj/machinery/atmospherics/unary/cold_sink/freezer
[18:10:32]SAY: Alvin Fraser/KrEwEdk0 : ВИДИШЬ
[18:10:36]SAY: Alvin Fraser/KrEwEdk0 : Он тоже красным горит
[18:11:06]ADMIN: BTARDo/(Noel Knapp) created a /obj/machinery/atmospherics/portables_connector and /obj/machinery/teleport/hub
[18:11:09]ADMIN: BTARDo/(Noel Knapp) created a /obj/machinery/atmospherics/portables_connector
[18:11:09]SAY: Alvin Fraser/KrEwEdk0 : лол
[18:11:11]SAY: Alvin Fraser/KrEwEdk0 : Телепорт
[18:11:15]SAY: Alvin Fraser/KrEwEdk0 : Я ща принесу
[18:11:28]ADMIN: BTARDo/(Noel Knapp) deleted the teleporter hub at (188,105,1)
[18:11:36]ADMIN: BTARDo/(Noel Knapp) deleted Connector Port at (188,105,1)
[18:11:39]ADMIN: BTARDo/(Noel Knapp) deleted Connector Port at (188,105,1)
[18:11:50]SAY: Alvin Fraser/KrEwEdk0 : There is already a pipe at that location.
[18:11:58]SAY: mouse/ : SQUEEK!
[18:12:00]SAY: mouse/ : SQUEEK!
[18:12:07]SAY: Alvin Fraser/KrEwEdk0 : Съеби
[18:12:11]SAY: Alvin Fraser/KrEwEdk0 : МУДАК
[18:12:13]SAY: Alvin Fraser/KrEwEdk0 : ХУЛИ УДАЛИЛ
[18:12:25]SAY: Noel Knapp/BTARDo : Xnj&amp;
[18:12:27]SAY: Noel Knapp/BTARDo : Что?
[18:12:43]SAY: Alvin Fraser/KrEwEdk0 : тАК
[18:12:44]SAY: Alvin Fraser/KrEwEdk0 : прОВЕРИМ
[18:12:51]SAY: mouse/ : SQUEEK!
[18:13:12]SAY: Alvin Fraser/KrEwEdk0 : Эм
[18:13:18]SAY: Alvin Fraser/KrEwEdk0 : 52 паскал&#255;?
[18:13:22]SAY: Alvin Fraser/KrEwEdk0 : А куда делось остальное
[18:13:25]SAY: Noel Knapp/BTARDo : Ты его открыл
[18:13:31]SAY: Alvin Fraser/KrEwEdk0 : Бочка опустела
[18:13:31]SAY: mouse/ : SQUEEK!
[18:13:41]SAY: Noel Knapp/BTARDo : Мне проще карту подредактировать
[18:13:52]SAY: corgi puppy/ : Woof!
[18:13:52]SAY: Alvin Fraser/KrEwEdk0 : А
[18:13:54]SAY: Alvin Fraser/KrEwEdk0 : Погоди
[18:14:07]SAY: Alvin Fraser/KrEwEdk0 : Лол
[18:14:10]SAY: Alvin Fraser/KrEwEdk0 : А куда труба шла?
[18:14:13]SAY: Alvin Fraser/KrEwEdk0 : а
[18:14:48]SAY: Alvin Fraser/KrEwEdk0 : БАГ БАГ БАГ БАГ БАГ
[18:14:55]SAY: Alvin Fraser/KrEwEdk0 : БАГ БАГ БАГ БАГ БАГБАГ БАГ БАГ БАГ БАГБАГ БАГ БАГ БАГ БАГБАГ БАГ БАГ БАГ БАГ
[18:14:58]SAY: Alvin Fraser/KrEwEdk0 : БАГ БАГ БАГ БАГ БАГБАГ БАГ БАГ БАГ БАГБАГ БАГ БАГ БАГ БАГ
[18:14:59]SAY: Alvin Fraser/KrEwEdk0 : БАГ БАГ БАГ БАГ БАГ
[18:15:00]SAY: Noel Knapp/BTARDo : Бл&#255;ть
[18:15:05]SAY: Noel Knapp/BTARDo : Мне проще карту изменить
[18:15:08]SAY: Alvin Fraser/KrEwEdk0 : Это
[18:15:12]SAY: Alvin Fraser/KrEwEdk0 : Во фризере баг
[18:15:13]SAY: Alvin Fraser/KrEwEdk0 : Бл&#255;ть
[18:15:16]SAY: Noel Knapp/BTARDo : Какой?
[18:15:19]SAY: Alvin Fraser/KrEwEdk0 : Он опустошает канистру
[18:15:22]SAY: Alvin Fraser/KrEwEdk0 : Не видишь штоле?
[18:15:31]SAY: Alvin Fraser/KrEwEdk0 : Я только ключил и все
[18:15:32]SAY: Alvin Fraser/KrEwEdk0 : Пиздец
[18:15:34]SAY: Noel Knapp/BTARDo : Это не баг
[18:15:35]SAY: Alvin Fraser/KrEwEdk0 : Кислород исчез
[18:15:40]SAY: Alvin Fraser/KrEwEdk0 : это баг
[18:15:45]SAY: Noel Knapp/BTARDo : Это фича, лол
[18:15:52]SAY: Noel Knapp/BTARDo : Дай &#255; все сделаю
[18:15:55]SAY: Alvin Fraser/KrEwEdk0 : Фича с исчезновением кислорода?
[18:15:56]SAY: Noel Knapp/BTARDo : Через редактор
[18:15:58]SAY: Alvin Fraser/KrEwEdk0 : Ты поехавший?
[18:16:04]ACCESS: Logout: BTARDo/(Noel Knapp)
[18:16:12]ACCESS: Logout: KrEwEdk0/(Alvin Fraser)


Starting up. 18:19.09
---------------------

[18:19:09]ADMIN: Loading jobban_rank
[18:19:09]ADMIN: jobban_keylist was empty
[18:19:09]ADMIN: Updating jobbanfile!
[18:19:09]ADMIN: Loading Banlist
[18:19:30]ACCESS: Login: BTARDo/(BTARDo) from 127.0.0.1-3613440516 || BYOND v498
[18:19:43]ACCESS: Login: KrEwEdk0/(KrEwEdk0) from 31.131.202.143-4128135670 || BYOND v498
[18:20:12]ADMIN: BTARDo has started the game.
[18:20:12]ACCESS: Logout: *no client*/(BTARDo)
[18:20:12]ACCESS: Login: BTARDo/(Noel Knapp) from 127.0.0.1-3613440516 || BYOND v498
[18:20:13]ACCESS: Logout: *no client*/(KrEwEdk0)
[18:20:13]ACCESS: Login: KrEwEdk0/(Brenden Scott) from 31.131.202.143-4128135670 || BYOND v498
[18:20:20]ADMIN: BTARDo/(Noel Knapp) jumped to Research Division
[18:20:43]SAY: Noel Knapp/BTARDo : Фризер зеленый
[18:20:58]SAY: Noel Knapp/BTARDo : Фризер зеленым горит
[18:21:08]SAY: Noel Knapp/BTARDo : Видишь
[18:21:13]SAY: Brenden Scott/KrEwEdk0 : Pft,bcm
[18:21:15]SAY: Brenden Scott/KrEwEdk0 : норм
[18:21:18]SAY: Noel Knapp/BTARDo : Там неправильно он был сделан
[18:22:27]SAY: Tom/ : Squeek?
[18:22:27]SAY: Brenden Scott/KrEwEdk0 : Оп
[18:22:30]SAY: Brenden Scott/KrEwEdk0 : Ты мудак?
[18:22:40]SAY: Brenden Scott/KrEwEdk0 : Сам увидишь?
[18:22:45]SAY: Noel Knapp/BTARDo : Нет
[18:22:57]SAY: Brenden Scott/KrEwEdk0 : ОНИ ОБА НА ВПУСК
[18:22:58]SAY: Brenden Scott/KrEwEdk0 : СУКА
[18:23:01]SAY: mouse/ : Squeek?
[18:23:06]SAY: Noel Knapp/BTARDo : И что?
[18:23:12]SAY: Brenden Scott/KrEwEdk0 : ЛОЛШТО?
[18:23:19]SAY: Noel Knapp/BTARDo : А как должно быть?
[18:23:23]SAY: Brenden Scott/KrEwEdk0 : А газ из камеры ты как будешь доставать?
[18:23:29]SAY: Noel Knapp/BTARDo : Нахуй надо
[18:23:33]SAY: Noel Knapp/BTARDo : Да ладно
[18:23:36]SAY: Noel Knapp/BTARDo : Все исправлю
[18:23:40]SAY: Brenden Scott/KrEwEdk0 : Вот этот памп
[18:23:44]SAY: Brenden Scott/KrEwEdk0 : В другую сторону
[18:23:45]SAY: Brenden Scott/KrEwEdk0 : Надо
[18:23:45]SAY: Noel Knapp/BTARDo : Пока сам можешь помен&#255;ть
[18:24:05]SAY: Brenden Scott/KrEwEdk0 : Вот так
[18:24:23]SAY: Brenden Scott/KrEwEdk0 : лолшто
[18:24:28]SAY: mouse/ : Squeek!
[18:24:31]SAY: Brenden Scott/KrEwEdk0 : Я не могу открыть затворы
[18:24:35]SAY: Brenden Scott/KrEwEdk0 : А &#255; РД
[18:24:49]SAY: Noel Knapp/BTARDo : Исправлю
[18:24:50]SAY: Brenden Scott/KrEwEdk0 : Доступ помен&#255;й кнопке
[18:24:52]SAY: Brenden Scott/KrEwEdk0 : Закрывай
[18:25:52]SAY: Noel Knapp/BTARDo : Лол
[18:25:55]SAY: Brenden Scott/KrEwEdk0 : Ща
[18:25:56]SAY: Brenden Scott/KrEwEdk0 : жди
[18:26:00]SAY: mouse/ : Squeek?
[18:26:08]SAY: Brenden Scott/KrEwEdk0 : Должна
[18:26:10]ADMIN: BTARDo/(Noel Knapp) jumped to 200,110,1 in the Toxins Mixing Room
[18:26:19]SAY: Brenden Scott/KrEwEdk0 : Хуево
[18:26:23]ADMIN: BTARDo/(Noel Knapp) jumped to 197,111,1 in the Toxins Mixing Room
[18:26:30]SAY: Noel Knapp/BTARDo : НИРАБОТАИТ
[18:26:33]SAY: mouse/ : Squeek!
[18:26:37]SAY: Noel Knapp/BTARDo : Я зажигалкой там
[18:26:38]SAY: Brenden Scott/KrEwEdk0 : Даже плазма не горит
[18:26:40]SAY: Brenden Scott/KrEwEdk0 : охуеть
[18:26:51]SAY: mouse/ : SQUEEK!
[18:26:52]SAY: Brenden Scott/KrEwEdk0 : А если
[18:27:14]SAY: Brenden Scott/KrEwEdk0 : Вот так
[18:27:16]SAY: Brenden Scott/KrEwEdk0 : Зажигай
[18:27:19]SAY: Runtime/ : Meow!
[18:27:21]SAY: Brenden Scott/KrEwEdk0 : лол
[18:27:23]OOC: Brenden Scott/KrEwEdk0 : лол
[18:27:30]ADMIN: BTARDo/(Noel Knapp) healed / Rrvived BTARDo/(Noel Knapp)
[18:27:36]ADMIN: BTARDo/(Noel Knapp) healed / Rrvived BTARDo/(Noel Knapp)
[18:27:40]SAY: Brenden Scott/KrEwEdk0 : Странно
[18:27:42]SAY: Brenden Scott/KrEwEdk0 : Я не горю
[18:27:57]EMOTE: Brenden Scott/KrEwEdk0 : <B>Brenden Scott</B> gasps!
[18:27:59]EMOTE: Noel Knapp/BTARDo : <B>Noel Knapp</B> coughs!
[18:27:59]EMOTE: Brenden Scott/KrEwEdk0 : <B>Brenden Scott</B> gasps!
[18:28:01]SAY: Brenden Scott/KrEwEdk0 : Даже не жарко
[18:28:03]EMOTE: Brenden Scott/KrEwEdk0 : <B>Brenden Scott</B> coughs!
[18:28:05]EMOTE: Noel Knapp/BTARDo : <B>Noel Knapp</B> coughs!
[18:28:05]EMOTE: Brenden Scott/KrEwEdk0 : <B>Brenden Scott</B> coughs!
[18:28:07]EMOTE: Brenden Scott/KrEwEdk0 : <B>Brenden Scott</B> gasps!
[18:28:07]EMOTE: Brenden Scott/KrEwEdk0 : <B>Brenden Scott</B> coughs!
[18:28:09]EMOTE: Brenden Scott/KrEwEdk0 : <B>Brenden Scott</B> gasps!
[18:28:10]ADMIN: BTARDo/(Noel Knapp) healed / Rrvived BTARDo/(Noel Knapp)
[18:28:11]ADMIN: BTARDo/(Noel Knapp) healed / Rrvived BTARDo/(Noel Knapp)
[18:28:11]EMOTE: Noel Knapp/BTARDo : <B>Noel Knapp</B> coughs!
[18:28:15]EMOTE: Noel Knapp/BTARDo : <B>Noel Knapp</B> gasps!
[18:28:15]EMOTE: Noel Knapp/BTARDo : <B>Noel Knapp</B> coughs!
[18:28:17]EMOTE: Noel Knapp/BTARDo : <B>Noel Knapp</B> gasps!
[18:28:17]EMOTE: Brenden Scott/KrEwEdk0 : <B>Brenden Scott</B> coughs!
[18:28:18]OOC: Brenden Scott/KrEwEdk0 : Вот только теперь горю
[18:28:19]EMOTE: Brenden Scott/KrEwEdk0 : <B>Brenden Scott</B> coughs!
[18:28:23]ADMIN: BTARDo/(Noel Knapp) has toggled BTARDo/(Noel Knapp)'s nodamage to On
[18:28:26]ADMIN: BTARDo/(Noel Knapp) healed / Rrvived BTARDo/(Noel Knapp)
[18:28:35]ADMIN: BTARDo/(Noel Knapp) has toggled KrEwEdk0/(Brenden Scott)'s nodamage to On
[18:28:42]ADMIN: BTARDo/(Noel Knapp) healed / Rrvived KrEwEdk0/(Brenden Scott)
[18:28:42]OOC: Brenden Scott/KrEwEdk0 : Это довольно странно
[18:28:58]OOC: Noel Knapp/BTARDo : Ебучие газы 
[18:29:09]OOC: Noel Knapp/BTARDo : Анимус решил поломать бмлд
[18:29:12]OOC: Noel Knapp/BTARDo : сука
[18:29:24]OOC: Brenden Scott/KrEwEdk0 : Короче чини
[18:29:29]OOC: Noel Knapp/BTARDo : Можно же спиздить газы со старого билда?
[18:29:36]OOC: Noel Knapp/BTARDo : Там они работали?
[18:29:38]OOC: Brenden Scott/KrEwEdk0 : Хуй знает
[18:29:42]OOC: Brenden Scott/KrEwEdk0 : Вроде да
[18:29:45]OOC: Noel Knapp/BTARDo : И еще 
[18:29:46]SAY: Runtime/ : Esp!
[18:29:54]ADMIN: BTARDo/(Noel Knapp) jumped to Cryogenics
[18:30:06]OOC: Noel Knapp/BTARDo : Нужно проверить генетику
[18:30:13]OOC: Brenden Scott/KrEwEdk0 : Да
[18:30:15]OOC: Brenden Scott/KrEwEdk0 : Ребутни
[18:30:15]ADMIN: BTARDo/(Noel Knapp) jumped to Genetics
[18:30:20]OOC: Brenden Scott/KrEwEdk0 : или
[18:30:21]OOC: Brenden Scott/KrEwEdk0 : Мен&#255;
[18:30:23]OOC: Brenden Scott/KrEwEdk0 : ТП
[18:30:24]OOC: Brenden Scott/KrEwEdk0 : и хил
[18:30:27]ADMIN: BTARDo/(Noel Knapp) teleported BTARDo/(Noel Knapp)
[18:30:30]ADMIN: BTARDo/(Noel Knapp) teleported KrEwEdk0/(Brenden Scott)
[18:30:34]ADMIN: BTARDo/(Noel Knapp) healed / Rrvived KrEwEdk0/(Brenden Scott)
[18:30:35]ADMIN: BTARDo/(Noel Knapp) healed / Rrvived KrEwEdk0/(Brenden Scott)
[18:30:36]ADMIN: BTARDo/(Noel Knapp) healed / Rrvived KrEwEdk0/(Brenden Scott)
[18:30:43]ADMIN: BTARDo/(Noel Knapp) healed / Rrvived KrEwEdk0/(Brenden Scott)
[18:30:44]ADMIN: BTARDo/(Noel Knapp) healed / Rrvived KrEwEdk0/(Brenden Scott)
[18:30:45]ADMIN: BTARDo/(Noel Knapp) healed / Rrvived KrEwEdk0/(Brenden Scott)
[18:30:46]OOC: Brenden Scott/KrEwEdk0 : йа встать не могу
[18:30:46]ADMIN: BTARDo/(Noel Knapp) healed / Rrvived KrEwEdk0/(Brenden Scott)
[18:30:46]ADMIN: BTARDo/(Noel Knapp) healed / Rrvived KrEwEdk0/(Brenden Scott)
[18:30:47]ADMIN: BTARDo/(Noel Knapp) healed / Rrvived KrEwEdk0/(Brenden Scott)
[18:30:47]ADMIN: BTARDo/(Noel Knapp) healed / Rrvived KrEwEdk0/(Brenden Scott)
[18:30:48]ADMIN: BTARDo/(Noel Knapp) healed / Rrvived KrEwEdk0/(Brenden Scott)
[18:30:49]ADMIN: BTARDo/(Noel Knapp) healed / Rrvived KrEwEdk0/(Brenden Scott)
[18:30:49]ADMIN: BTARDo/(Noel Knapp) healed / Rrvived KrEwEdk0/(Brenden Scott)
[18:30:50]ADMIN: BTARDo/(Noel Knapp) healed / Rrvived KrEwEdk0/(Brenden Scott)
[18:30:51]ADMIN: BTARDo/(Noel Knapp) healed / Rrvived KrEwEdk0/(Brenden Scott)
[18:30:52]ADMIN: BTARDo/(Noel Knapp) healed / Rrvived KrEwEdk0/(Brenden Scott)
[18:30:52]ADMIN: BTARDo/(Noel Knapp) healed / Rrvived KrEwEdk0/(Brenden Scott)
[18:30:53]ADMIN: BTARDo/(Noel Knapp) healed / Rrvived KrEwEdk0/(Brenden Scott)
[18:30:56]ADMIN: BTARDo/(Noel Knapp) initiated a reboot.
[18:30:57]OOC: Brenden Scott/KrEwEdk0 : Заспавни новое тело
[18:31:00]OOC: Noel Knapp/BTARDo : Рестарт
[18:31:00]OOC: Brenden Scott/KrEwEdk0 : лол ок
[18:31:01]ACCESS: Logout: BTARDo/(Noel Knapp)
[18:31:01]ACCESS: Logout: KrEwEdk0/(Brenden Scott)


Starting up. 18:32.34
---------------------

[18:32:34]ADMIN: Loading jobban_rank
[18:32:34]ADMIN: jobban_keylist was empty
[18:32:34]ADMIN: Updating jobbanfile!
[18:32:34]ADMIN: Loading Banlist
[18:32:34]ADMIN: Banlist is empty.
[18:32:34]ADMIN: Banlist missing base dir.
[18:32:48]OOC: BTARDo/BTARDo : Стань генетиком
[18:32:54]ADMIN: BTARDo has started the game.
[18:32:54]ACCESS: Logout: *no client*/(BTARDo)
[18:32:55]ACCESS: Login: BTARDo/(Noel Knapp) from 192.168.0.221-3613440516 || BYOND v498
[18:32:55]ACCESS: Logout: *no client*/(KrEwEdk0)
[18:32:55]ACCESS: Login: KrEwEdk0/(Uriel Barrett) from 31.131.202.143-4128135670 || BYOND v498
[18:32:56]OOC: /KrEwEdk0 : Уже
[18:33:04]SAY: mouse/ : Squeek!
[18:33:09]ADMIN: BTARDo/(Noel Knapp) jumped to Genetics
[18:33:17]OOC: Noel Knapp/BTARDo : Я отойду на минуту
[18:33:56]ADMIN: ATTACK: Uriel Barrett (krewedk0) used the DNA-Injector (Structural Enzymes) to inject Uriel Barrett (krewedk0)
[18:34:28]ADMIN: ATTACK: Uriel Barrett (krewedk0) used the DNA-Injector (Structural Enzymes) to inject Uriel Barrett (krewedk0)
[18:34:39]SAY: Uriel Barrett/KrEwEdk0 : Ну вроде работает
[18:34:39]OOC: Noel Knapp/BTARDo : &#255; иуи
[18:34:41]OOC: Noel Knapp/BTARDo : тут
[18:34:45]SAY: Uriel Barrett/KrEwEdk0 : Надо бы суперсилы найти и проверить
[18:34:53]OOC: Noel Knapp/BTARDo : Попробуй
[18:35:00]SAY: Uriel Barrett/KrEwEdk0 : Их искать надо
[18:35:05]OOC: Noel Knapp/BTARDo : Ищи
[18:35:10]SAY: Uriel Barrett/KrEwEdk0 : Это, &#255; получил кашель и &#255; не кашл&#255;ю
[18:35:13]SAY: Uriel Barrett/KrEwEdk0 : Это нормально?
[18:35:19]SAY: Noel Knapp/BTARDo : Да
[18:35:25]SAY: Uriel Barrett/KrEwEdk0 : лол ок
[18:35:31]EMOTE: Uriel Barrett/KrEwEdk0 : <B>Uriel Barrett</B> coughs!
[18:35:34]SAY: Uriel Barrett/KrEwEdk0 : а во
[18:35:36]SAY: Uriel Barrett/KrEwEdk0 : Норм
[18:35:41]SAY: Noel Knapp/BTARDo : Я же гворю
[18:35:43]SAY: mouse/ : Squeek?
[18:35:47]SAY: corgi puppy/ : AUUUUUU
[18:35:48]ADMIN: ATTACK: Uriel Barrett (krewedk0) used the DNA-Injector (Structural Enzymes) to inject Uriel Barrett (krewedk0)
[18:36:04]SAY: Noel Knapp/BTARDo : Надо бумажники убрать
[18:36:07]SAY: Noel Knapp/BTARDo : Только мешают
[18:36:18]SAY: Uriel Barrett/KrEwEdk0 : А банкоматы не завезли?
[18:36:23]SAY: Noel Knapp/BTARDo : Есть
[18:36:25]SAY: Noel Knapp/BTARDo : Но не на карте
[18:36:27]SAY: Tom/ : Squeek?
[18:36:29]SAY: Noel Knapp/BTARDo : В коде есть
[18:36:36]ADMIN: ATTACK: Uriel Barrett (krewedk0) used the DNA-Injector (Structural Enzymes) to inject Uriel Barrett (krewedk0)
[18:36:39]EMOTE: Leonard Faust/ : <B>Leonard Faust</B> coughs!
[18:36:44]SAY: Uriel Barrett/KrEwEdk0 : Глухота
[18:36:46]SAY: Uriel Barrett/KrEwEdk0 : Охуеть
[18:36:55]SAY: mouse/ : Squeek!
[18:36:59]OOC: Noel Knapp/BTARDo : Ниху&#255; не слышишь?
[18:37:07]OOC: Uriel Barrett/KrEwEdk0 : da
[18:37:18]OOC: Uriel Barrett/KrEwEdk0 : Странно, вкалывал этот блок D91 и ниху&#255;
[18:37:24]OOC: Uriel Barrett/KrEwEdk0 : а DD9 Глухота
[18:37:31]ADMIN: ATTACK: Uriel Barrett (krewedk0) used the DNA-Injector (Structural Enzymes) to inject Uriel Barrett (krewedk0)
[18:37:40]OOC: Noel Knapp/BTARDo : Я в этом ниху&#255; не понимаю
[18:37:41]SAY: Uriel Barrett/KrEwEdk0 : Всйо
[18:37:43]SAY: Uriel Barrett/KrEwEdk0 : Слышу
[18:37:47]OOC: Noel Knapp/BTARDo : Можешь мне не объ&#255;сн&#255;ть
[18:38:20]ADMIN: ATTACK: Uriel Barrett (krewedk0) used the DNA-Injector (Structural Enzymes) to inject Uriel Barrett (krewedk0)
[18:38:25]SAY: Noel Knapp/BTARDo : У анимуса коты без ушей ходили
[18:38:38]SAY: Uriel Barrett/KrEwEdk0 : Ну бл&#255;ть, уже 4 болезни
[18:38:41]SAY: Noel Knapp/BTARDo : Я исправил
[18:38:43]SAY: Noel Knapp/BTARDo : Лол
[18:38:51]SAY: Noel Knapp/BTARDo : Что еще?
[18:38:56]SAY: Uriel Barrett/KrEwEdk0 : Галлюцинации
[18:38:59]SAY: Uriel Barrett/KrEwEdk0 : Пока не про&#255;вились
[18:39:17]ADMIN: ATTACK: Uriel Barrett (krewedk0) used the DNA-Injector (Structural Enzymes) to inject Uriel Barrett (krewedk0)
[18:39:25]SAY: Noel Knapp/BTARDo : Админы как-то могут суперсилы отследить
[18:39:33]SAY: Uriel Barrett/KrEwEdk0 : Я не знаю
[18:39:40]SAY: Uriel Barrett/KrEwEdk0 : СУКА, ПЯТАЮ БОЛЕЗНЬ
[18:39:47]SAY: Uriel Barrett/KrEwEdk0 : Близорукость, работает
[18:39:57]SAY: Uriel Barrett/KrEwEdk0 : Галлюцинации тоже
[18:39:57]SAY: Noel Knapp/BTARDo : Это зрение хуевое?
[18:40:00]SAY: Uriel Barrett/KrEwEdk0 : Да
[18:40:07]SAY: Uriel Barrett/KrEwEdk0 : лол, 2 кота
[18:40:13]ADMIN: ATTACK: Uriel Barrett (krewedk0) used the DNA-Injector (Structural Enzymes) to inject Uriel Barrett (krewedk0)
[18:40:27]SAY: mouse/ : SQUEEK!
[18:40:38]ADMIN: BTARDo/(Noel Knapp) modified monkey (804)'s virus2 to 1
[18:40:47]SAY: Noel Knapp/BTARDo : Не могу определить
[18:40:54]SAY: Uriel Barrett/KrEwEdk0 : лол
[18:40:59]SAY: Uriel Barrett/KrEwEdk0 : ревльвер вместо шпнрица
[18:41:01]ADMIN: ATTACK: Uriel Barrett (krewedk0) used the DNA-Injector (Structural Enzymes) to inject Uriel Barrett (krewedk0)
[18:41:07]SAY: Noel Knapp/BTARDo : Там была раньше строка со списком суперсил
[18:41:11]SAY: Noel Knapp/BTARDo : Бл&#255;ть
[18:41:20]SAY: Uriel Barrett/KrEwEdk0 : сука, галлюцинации не проход&#255;т
[18:41:29]SAY: Noel Knapp/BTARDo : лол\
[18:41:42]SAY: Uriel Barrett/KrEwEdk0 : АЛКИЗИНА МНЕ
[18:41:58]SAY: Noel Knapp/BTARDo : Что?
[18:41:59]SAY: Uriel Barrett/KrEwEdk0 : ШЕСТАЯ БОЛЕЗНЬ
[18:42:01]SAY: Uriel Barrett/KrEwEdk0 : ДА
[18:42:03]SAY: Uriel Barrett/KrEwEdk0 : УСПЕХ
[18:42:08]SAY: Noel Knapp/BTARDo : лол
[18:42:22]OOC: Uriel Barrett/KrEwEdk0 : Хильни мен&#255;
[18:42:24]OOC: Uriel Barrett/KrEwEdk0 : штоле
[18:42:32]ADMIN: BTARDo/(Noel Knapp) healed / Rrvived KrEwEdk0/(Uriel Barrett)
[18:43:05]ADMIN: ATTACK: Uriel Barrett (krewedk0) used the DNA-Injector (Structural Enzymes) to inject Uriel Barrett (krewedk0)
[18:43:50]ADMIN: BTARDo/(Noel Knapp) jumped to 169,113,1 in Genetics
[18:44:01]ADMIN: ATTACK: Uriel Barrett (krewedk0) used the DNA-Injector (Structural Enzymes) to inject Uriel Barrett (krewedk0)
[18:44:11]OOC: Uriel Barrett/KrEwEdk0 : Хил ми
[18:44:38]SAY: Uriel Barrett/KrEwEdk0 : Быстроту нашел
[18:45:19]SAY: Leonard Faust/ : COCKSUCKER
[18:45:21]ADMIN: BTARDo/(Noel Knapp) healed / Rrvived KrEwEdk0/(Uriel Barrett)
[18:45:24]SAY: Noel Knapp/BTARDo : Все
[18:45:26]SAY: Noel Knapp/BTARDo : Похуй
[18:45:32]ADMIN: ATTACK: Uriel Barrett (krewedk0) used the DNA-Injector (Structural Enzymes) to inject Uriel Barrett (krewedk0)
[18:45:37]SAY: Leonard Faust/ : TITS
[18:45:37]SAY: Noel Knapp/BTARDo : Я к вечеру постараюсь сделать
[18:45:45]SAY: Noel Knapp/BTARDo : Можешь выходить
[18:45:50]SAY: Leonard Faust/ : FUCK
[18:45:52]SAY: Uriel Barrett/KrEwEdk0 : погодиъ
[18:45:55]SAY: Uriel Barrett/KrEwEdk0 : Один блок
[18:46:00]SAY: Noel Knapp/BTARDo : Ну ладно
[18:46:11]ADMIN: ATTACK: Uriel Barrett (krewedk0) used the DNA-Injector (Structural Enzymes) to inject Noel Knapp (btardo)
[18:46:16]SAY: Uriel Barrett/KrEwEdk0 : Ну как?
[18:46:25]OOC: Uriel Barrett/KrEwEdk0 : Есть силы?
[18:46:52]ADMIN: ATTACK: Uriel Barrett (krewedk0) used the DNA-Injector (Structural Enzymes) to inject Uriel Barrett (krewedk0)
[18:46:54]SAY: Leonard Faust/ : FUCK
[18:46:56]SAY: Runtime/ : HSSSSS
[18:47:02]SAY: Leonard Faust/ : TITS
[18:47:22]SAY: Noel Knapp/BTARDo : Что?
[18:47:32]EMOTE: Leonard Faust/ : <B>Leonard Faust</B> twitches violently.
[18:47:34]SAY: Uriel Barrett/KrEwEdk0 : После уколо есть что синим цвветом?
[18:47:38]SAY: Leonard Faust/ : MOTHERFUCKER
[18:47:48]SAY: Noel Knapp/BTARDo : Нет
[18:47:52]SAY: Noel Knapp/BTARDo : В смысле?
[18:47:58]SAY: Leonard Faust/ : COCKSUCKER
[18:47:59]OOC: Uriel Barrett/KrEwEdk0 : У МЕНЯ ПРИСТУП СУКА
[18:48:01]OOC: Uriel Barrett/KrEwEdk0 : Я НЕ СЛЫШУ
[18:48:08]SAY: Noel Knapp/BTARDo : В смысле?
[18:48:12]SAY: Noel Knapp/BTARDo : Какие силы?
[18:48:17]ADMIN: ATTACK: Uriel Barrett (krewedk0) used the DNA-Injector (Structural Enzymes) to inject Uriel Barrett (krewedk0)
[18:48:19]SAY: Ian/ : Bark!
[18:48:21]SAY: Leonard Faust/ : FUCK
[18:48:23]SAY: Leonard Faust/ : PISS
[18:48:28]SAY: Uriel Barrett/KrEwEdk0 : Your skin feels rubbery
[18:48:29]SAY: Uriel Barrett/KrEwEdk0 : &#255; ЗАБЫЛ
[18:48:34]SAY: Uriel Barrett/KrEwEdk0 : Кака&#255; это сила
[18:48:38]SAY: Uriel Barrett/KrEwEdk0 : А вот
[18:48:39]EMOTE: Leonard Faust/ : <B>Leonard Faust</B> twitches violently.
[18:48:39]SAY: Uriel Barrett/KrEwEdk0 : Точно
[18:48:43]SAY: Ian/ : YAP
[18:48:45]SAY: Ian/ : AUUUUUU
[18:48:47]SAY: Noel Knapp/BTARDo : Все
[18:48:48]SAY: Uriel Barrett/KrEwEdk0 : Я как макака
[18:48:52]SAY: Noel Knapp/BTARDo : Я выключаю
[18:48:55]SAY: Leonard Faust/ : TITS
[18:48:55]SAY: Uriel Barrett/KrEwEdk0 : ога
[18:48:57]ACCESS: Logout: KrEwEdk0/(Uriel Barrett)
[18:48:57]ACCESS: Logout: BTARDo/(Noel Knapp)


Starting up. 19:38.25
---------------------

[19:38:25]ADMIN: Loading jobban_rank
[19:38:25]ADMIN: jobban_keylist was empty
[19:38:25]ADMIN: Updating jobbanfile!
[19:38:25]ADMIN: Loading Banlist
[19:38:39]ADMIN: BTARDo has started the game.
[19:38:40]ACCESS: Logout: *no client*/(BTARDo)
[19:38:40]ACCESS: Login: BTARDo/(Noel Knapp) from 127.0.0.1-3613440516 || BYOND v498
[19:38:51]SAY: mouse/ : Squeek!
[19:38:57]ADMIN: BTARDo/(Noel Knapp) jumped to Research Division
[19:39:01]SAY: mouse/ : Squeek!
[19:39:01]ADMIN: BTARDo/(Noel Knapp) jumped to 191,119,1 in Research Division
[19:39:24]SAY: mouse/ : Squeek?
[19:39:28]ADMIN: BTARDo/(Noel Knapp) modified Toximate 3000's active_power_usage to 10
[19:40:31]ADMIN: BTARDo/(Noel Knapp) deleted the reinforced window at (186,107,1)
[19:41:14]SAY: Tom/ : Squeek?
[19:41:17]ADMIN: BTARDo/(Noel Knapp) has possessed Toximate 3000 (/obj/machinery/vending/plasmaresearch) at (186, 107, 1)
[19:41:40]ACCESS: Logout: BTARDo/(Noel Knapp)


Starting up. 19:49.53
---------------------

[19:49:53]ADMIN: Loading jobban_rank
[19:49:53]ADMIN: jobban_keylist was empty
[19:49:53]ADMIN: Updating jobbanfile!
[19:49:53]ADMIN: Loading Banlist
[19:50:16]ACCESS: Login: BTARDo/(BTARDo) from 127.0.0.1-3613440516 || BYOND v498
[19:50:22]ADMIN: BTARDo has started the game.
[19:50:23]ACCESS: Logout: *no client*/(BTARDo)
[19:50:23]ACCESS: Login: BTARDo/(Noel Knapp) from 127.0.0.1-3613440516 || BYOND v498
[19:50:28]SAY: mouse/ : SQUEEK!
[19:50:34]SAY: Tom/ : Squeek?
[19:50:36]ADMIN: BTARDo/(Noel Knapp) jumped to Research Division
[19:50:42]SAY: mouse/ : Squeek!
[19:51:16]ADMIN: BTARDo/(Noel Knapp) has toggled BTARDo/(Noel Knapp)'s nodamage to On
[19:51:37]SAY: mouse/ : Squeek!
[19:51:47]SAY: Runtime/ : HSSSSS
[19:52:50]ACCESS: Login: KrEwEdk0/(KrEwEdk0) from 31.131.202.143-4128135670 || BYOND v498
[19:53:20]EMOTE: Noel Knapp/BTARDo : <B>Noel Knapp</B> is having trouble keeping their eyes open.
[19:53:27]ACCESS: Logout: *no client*/(KrEwEdk0)
[19:53:27]ACCESS: Login: KrEwEdk0/(Tamsin Clarke) from 31.131.202.143-4128135670 || BYOND v498
[19:53:30]SAY: Runtime/ : Meow!
[19:53:44]OOC: Tamsin Clarke/KrEwEdk0 : хуле надо?
[19:53:58]OOC: Noel Knapp/BTARDo : Попробуй сделать бомбу
[19:54:09]SAY: mouse/ : Squeek?
[19:54:19]EMOTE: Noel Knapp/BTARDo : <B>Noel Knapp</B> 's body becomes limp.
[19:54:26]OOC: Tamsin Clarke/KrEwEdk0 : насколько &#255; знаю, ты сейчас извенил урон плазмы
[19:54:43]OOC: Noel Knapp/BTARDo : На максимум поставил
[19:55:03]EMOTE: Tamsin Clarke/KrEwEdk0 : <B>Tamsin Clarke</B> gasps!
[19:55:12]ADMIN: BTARDo/(Noel Knapp) healed / Rrvived BTARDo/(Noel Knapp)
[19:55:31]ADMIN: BTARDo/(Noel Knapp) has entered build mode.
[19:55:33]ADMIN: BTARDo/(Noel Knapp) has toggled KrEwEdk0/(Tamsin Clarke)'s nodamage to On
[19:55:43]ADMIN: KrEwEdk0/(Tamsin Clarke) has left build mode.
[19:55:44]ADMIN: BTARDo/(Noel Knapp) healed / Rrvived KrEwEdk0/(Tamsin Clarke)
[19:56:31]ADMIN: ATTACK: Tamsin Clarke (krewedk0) was hit by the clipboard thrown by ()
[19:56:52]OOC: Noel Knapp/BTARDo : Мне кажетс&#255;, что нужно изменить настройки воздуха
[19:57:21]OOC: Tamsin Clarke/KrEwEdk0 : нигарит
[19:57:25]OOC: Tamsin Clarke/KrEwEdk0 : А НЕ
[19:57:28]OOC: Tamsin Clarke/KrEwEdk0 : ЗАГОРЕЛОСЬ
[19:57:51]OOC: Noel Knapp/BTARDo : Хуево горит
[19:59:09]SAY: Tom/ : Squeek?
[19:59:19]SAY: mouse/ : Squeek?
[19:59:27]OOC: Noel Knapp/BTARDo : Так и должно гореть?
[19:59:32]OOC: Tamsin Clarke/KrEwEdk0 : нОУП
[19:59:36]OOC: Tamsin Clarke/KrEwEdk0 : быстрее
[20:00:59]OOC: Noel Knapp/BTARDo : лол
[20:01:08]OOC: Tamsin Clarke/KrEwEdk0 : в пизду
[20:01:11]OOC: Tamsin Clarke/KrEwEdk0 : &#255; в фар край
[20:01:20]OOC: Tamsin Clarke/KrEwEdk0 : Ибо &#255; в него ни разу даже не играл
[20:01:27]OOC: Noel Knapp/BTARDo : Ну давай
[20:01:31]OOC: Noel Knapp/BTARDo : Я пока попробую
[20:01:36]OOC: Tamsin Clarke/KrEwEdk0 : Разбирайс&#255; карочи
[20:01:39]OOC: Tamsin Clarke/KrEwEdk0 : Пиши если что
[20:01:40]ACCESS: Logout: KrEwEdk0/(Tamsin Clarke)
[20:01:43]OOC: Noel Knapp/BTARDo : Ага
[20:01:47]ACCESS: Logout: BTARDo/(Noel Knapp)


Starting up. 20:09.00
---------------------

[20:09:00]ADMIN: Loading jobban_rank
[20:09:00]ADMIN: jobban_keylist was empty
[20:09:00]ADMIN: Updating jobbanfile!
[20:09:00]ADMIN: Loading Banlist
[20:09:15]ACCESS: Login: BTARDo/(BTARDo) from 127.0.0.1-3613440516 || BYOND v498
[20:09:25]ADMIN: BTARDo has started the game.
[20:09:25]ACCESS: Logout: *no client*/(BTARDo)
[20:09:25]ACCESS: Login: BTARDo/(Noel Knapp) from 127.0.0.1-3613440516 || BYOND v498
[20:10:00]ACCESS: Logout: BTARDo/(Noel Knapp)


Starting up. 20:11.53
---------------------

[20:11:53]ADMIN: Loading jobban_rank
[20:11:53]ADMIN: jobban_keylist was empty
[20:11:53]ADMIN: Updating jobbanfile!
[20:11:53]ADMIN: Loading Banlist
[20:11:58]ACCESS: Login: BTARDo/(BTARDo) from 127.0.0.1-3613440516 || BYOND v498
[20:12:06]ADMIN: BTARDo has started the game.
[20:12:06]ACCESS: Logout: *no client*/(BTARDo)
[20:12:06]ACCESS: Login: BTARDo/(Noel Knapp) from 127.0.0.1-3613440516 || BYOND v498
[20:12:56]ADMIN: BTARDo/(Noel Knapp) jumped to Research Division
[20:13:22]SAY: Runtime/ : Purr!
[20:14:33]EMOTE: Noel Knapp/BTARDo : <B>Noel Knapp</B> gasps!
[20:14:46]ADMIN: BTARDo/(Noel Knapp) healed / Rrvived BTARDo/(Noel Knapp)
[20:14:51]ADMIN: BTARDo/(Noel Knapp) healed / Rrvived BTARDo/(Noel Knapp)
[20:15:17]SAY: Tom/ : SQUEEK!
[20:16:01]SAY: mouse/ : Squeek!
[20:17:22]SAY: mouse/ : Squeek?
[20:17:56]ADMIN: BTARDo/(Noel Knapp) healed / Rrvived BTARDo/(Noel Knapp)
[20:18:42]SAY: Tom/ : SQUEEK!
[20:20:07]ADMIN: BTARDo/(Noel Knapp) jumped to 185,109,1 in the Toxins Mixing Lab
[20:20:11]ADMIN: BTARDo/(Noel Knapp) jumped to 182,114,1 in the Toxins Storage
[20:20:18]ADMIN: BTARDo/(Noel Knapp) jumped to 188,107,1 in the Toxins Mixing Lab
[20:21:37]EMOTE: Noel Knapp/BTARDo : <B>Noel Knapp</B> coughs!
[20:21:41]EMOTE: Noel Knapp/BTARDo : <B>Noel Knapp</B> coughs!
[20:21:43]EMOTE: Noel Knapp/BTARDo : <B>Noel Knapp</B> gasps!
[20:21:43]EMOTE: Noel Knapp/BTARDo : <B>Noel Knapp</B> coughs!
[20:21:45]EMOTE: Noel Knapp/BTARDo : <B>Noel Knapp</B> coughs!
[20:22:09]SAY: mouse/ : Squeek!
[20:24:50]SAY: Runtime/ : Purr!
[20:26:11]SAY: Tom/ : SQUEEK!
[20:26:48]SAY: Tom/ : Squeek!
[20:27:04]SAY: mouse/ : Squeek?
[20:27:13]ADMIN: BTARDo/(Noel Knapp) jumped to 178,109,1 in the Toxins Mixing Lab
[20:27:14]ADMIN: BTARDo/(Noel Knapp) healed / Rrvived BTARDo/(Noel Knapp)
[20:27:26]ADMIN: BTARDo/(Noel Knapp) healed / Rrvived BTARDo/(Noel Knapp)
[20:27:49]ADMIN: BTARDo/(Noel Knapp) healed / Rrvived BTARDo/(Noel Knapp)
[20:29:01]EMOTE: Noel Knapp/BTARDo : <B>Noel Knapp</B> coughs!
[20:29:04]ADMIN: BTARDo/(Noel Knapp) has toggled BTARDo/(Noel Knapp)'s nodamage to On
[20:29:35]SAY: mouse/ : Squeek?
[20:31:58]SAY: corgi puppy/ : Woof!
[20:33:15]SAY: Runtime/ : Purr!
[20:34:25]SAY: Ian/ : Woof!
[20:34:39]SAY: mouse/ : Squeek!
[20:35:37]SAY: mouse/ : Squeek!
[20:36:13]SAY: mouse/ : Squeek!
[20:37:17]SAY: mouse/ : Squeek!
[20:39:20]SAY: corgi puppy/ : AUUUUUU
[20:40:00]SAY: Tom/ : SQUEEK!
[20:40:08]SAY: mouse/ : Squeek!
[20:40:44]SAY: mouse/ : Squeek!
[20:41:38]SAY: mouse/ : Squeek?
[20:42:08]SAY: mouse/ : Squeek?
[20:42:57]ACCESS: Logout: BTARDo/(Noel Knapp)


Starting up. 20:45.13
---------------------

[20:45:13]ADMIN: Loading jobban_rank
[20:45:13]ADMIN: jobban_keylist was empty
[20:45:13]ADMIN: Updating jobbanfile!
[20:45:13]ADMIN: Loading Banlist
[20:45:18]ADMIN: BTARDo has started the game.
[20:45:18]ACCESS: Logout: *no client*/(BTARDo)
[20:45:18]ACCESS: Login: BTARDo/(Noel Knapp) from 127.0.0.1-3613440516 || BYOND v498
[20:45:36]ADMIN: BTARDo/(Noel Knapp) jumped to Research Division
[20:46:50]ADMIN: BTARDo/(Noel Knapp) has toggled BTARDo/(Noel Knapp)'s nodamage to On
[20:46:52]ADMIN: BTARDo/(Noel Knapp) healed / Rrvived BTARDo/(Noel Knapp)
[20:48:05]SAY: corgi puppy/ : AUUUUUU
[20:48:07]SAY: Tom/ : Squeek!
[20:48:11]EMOTE: Noel Knapp/BTARDo : <B>Noel Knapp</B> is having trouble keeping their eyes open.
[20:49:10]EMOTE: Noel Knapp/BTARDo : <B>Noel Knapp</B> 's body becomes limp.
[20:50:18]ACCESS: Logout: BTARDo/(Noel Knapp)


Starting up. 21:08.18
---------------------

[21:08:18]ADMIN: Loading jobban_rank
[21:08:18]ADMIN: jobban_keylist was empty
[21:08:18]ADMIN: Updating jobbanfile!
[21:08:18]ADMIN: Loading Banlist
[21:08:29]ACCESS: Login: BTARDo/(BTARDo) from 127.0.0.1-3613440516 || BYOND v498
[21:08:35]ADMIN: BTARDo has started the game.
[21:08:36]ACCESS: Logout: *no client*/(BTARDo)
[21:08:36]ACCESS: Login: BTARDo/(Noel Knapp) from 127.0.0.1-3613440516 || BYOND v498
[21:08:45]ADMIN: BTARDo/(Noel Knapp) jumped to Research Division
[21:09:46]ADMIN: BTARDo/(Noel Knapp) healed / Rrvived BTARDo/(Noel Knapp)
[21:09:54]SAY: mouse/ : Squeek!
[21:09:56]EMOTE: Noel Knapp/BTARDo : <B>Noel Knapp</B> coughs!
[21:10:00]EMOTE: Noel Knapp/BTARDo : <B>Noel Knapp</B> coughs!
[21:10:10]EMOTE: Noel Knapp/BTARDo : <B>Noel Knapp</B> gasps!
[21:10:12]EMOTE: Noel Knapp/BTARDo : <B>Noel Knapp</B> gasps!
[21:10:32]SAY: mouse/ : SQUEEK!
[21:10:47]EMOTE: Noel Knapp/BTARDo : <B>Noel Knapp</B> gasps!
[21:10:53]ADMIN: BTARDo/(Noel Knapp) healed / Rrvived BTARDo/(Noel Knapp)
[21:10:57]EMOTE: Noel Knapp/BTARDo : <B>Noel Knapp</B> gasps!
[21:10:57]EMOTE: Noel Knapp/BTARDo : <B>Noel Knapp</B> coughs!
[21:10:58]ADMIN: BTARDo/(Noel Knapp) jumped to 186,114,1 in the Toxins Storage
[21:10:59]EMOTE: Noel Knapp/BTARDo : <B>Noel Knapp</B> gasps!
[21:10:59]EMOTE: Noel Knapp/BTARDo : <B>Noel Knapp</B> coughs!
[21:11:00]ADMIN: BTARDo/(Noel Knapp) jumped to 185,114,1 in the Toxins Storage
[21:11:03]EMOTE: Noel Knapp/BTARDo : <B>Noel Knapp</B> coughs!
[21:11:08]ACCESS: Logout: BTARDo/(Noel Knapp)


Starting up. 21:18.15
---------------------

[21:18:15]ADMIN: Loading jobban_rank
[21:18:15]ADMIN: jobban_keylist was empty
[21:18:15]ADMIN: Updating jobbanfile!
[21:18:15]ADMIN: Loading Banlist
[21:18:46]ACCESS: Login: BTARDo/(BTARDo) from 127.0.0.1-3613440516 || BYOND v498
[21:18:52]ADMIN: BTARDo has started the game.
[21:18:53]ACCESS: Logout: *no client*/(BTARDo)
[21:18:53]ACCESS: Login: BTARDo/(Noel Knapp) from 127.0.0.1-3613440516 || BYOND v498
[21:19:02]ADMIN: BTARDo/(Noel Knapp) jumped to Research Division
[21:19:45]SAY: mouse/ : SQUEEK!
[21:20:23]EMOTE: Noel Knapp/BTARDo : <B>Noel Knapp</B> gasps!
[21:20:26]ACCESS: Logout: BTARDo/(Noel Knapp)


Starting up. 21:24.21
---------------------

[21:24:21]ADMIN: Loading jobban_rank
[21:24:21]ADMIN: jobban_keylist was empty
[21:24:21]ADMIN: Updating jobbanfile!
[21:24:21]ADMIN: Loading Banlist
[21:24:28]ADMIN: BTARDo has started the game.
[21:24:28]ACCESS: Logout: *no client*/(BTARDo)
[21:24:28]ACCESS: Login: BTARDo/(Noel Knapp) from 127.0.0.1-3613440516 || BYOND v498
[21:24:40]ADMIN: BTARDo/(Noel Knapp) jumped to Research Division
[21:24:41]SAY: mouse/ : Squeek!
[21:25:53]EMOTE: Noel Knapp/BTARDo : <B>Noel Knapp</B> gasps!
[21:26:03]EMOTE: Noel Knapp/BTARDo : <B>Noel Knapp</B> gasps!
[21:26:07]SAY: Tom/ : SQUEEK!
[21:26:07]EMOTE: Noel Knapp/BTARDo : <B>Noel Knapp</B> gasps!
[21:26:37]ADMIN: BTARDo/(Noel Knapp) healed / Rrvived BTARDo/(Noel Knapp)
[21:26:39]EMOTE: Noel Knapp/BTARDo : <B>Noel Knapp</B> coughs!
[21:26:43]ADMIN: BTARDo/(Noel Knapp) jumped to 185,113,1 in the Toxins Storage
[21:26:45]EMOTE: Noel Knapp/BTARDo : <B>Noel Knapp</B> coughs!
[21:26:47]ADMIN: BTARDo/(Noel Knapp) jumped to 184,113,1 in the Toxins Storage
[21:26:49]EMOTE: Noel Knapp/BTARDo : <B>Noel Knapp</B> gasps!
[21:26:56]ACCESS: Logout: BTARDo/(Noel Knapp)


Starting up. 21:29.20
---------------------

[21:29:20]ADMIN: Loading jobban_rank
[21:29:20]ADMIN: jobban_keylist was empty
[21:29:20]ADMIN: Updating jobbanfile!
[21:29:20]ADMIN: Loading Banlist
[21:29:29]ACCESS: Login: BTARDo/(BTARDo) from 127.0.0.1-3613440516 || BYOND v498
[21:29:35]ADMIN: BTARDo has started the game.
[21:29:35]ACCESS: Logout: *no client*/(BTARDo)
[21:29:36]ACCESS: Login: BTARDo/(Noel Knapp) from 127.0.0.1-3613440516 || BYOND v498
[21:29:49]ADMIN: BTARDo/(Noel Knapp) jumped to Research Division
[21:30:45]EMOTE: Noel Knapp/BTARDo : <B>Noel Knapp</B> coughs!
[21:30:47]EMOTE: Noel Knapp/BTARDo : <B>Noel Knapp</B> coughs!
[21:31:19]EMOTE: Noel Knapp/BTARDo : <B>Noel Knapp</B> gasps!
[21:31:33]EMOTE: Noel Knapp/BTARDo : <B>Noel Knapp</B> gasps!
[21:31:42]ACCESS: Logout: BTARDo/(Noel Knapp)


Starting up. 21:33.27
---------------------

[21:33:27]ADMIN: Loading jobban_rank
[21:33:27]ADMIN: jobban_keylist was empty
[21:33:27]ADMIN: Updating jobbanfile!
[21:33:27]ADMIN: Loading Banlist
[21:34:00]ACCESS: Login: BTARDo/(BTARDo) from 127.0.0.1-3613440516 || BYOND v498
[21:34:11]ADMIN: BTARDo has started the game.
[21:34:11]ACCESS: Logout: *no client*/(BTARDo)
[21:34:11]ACCESS: Login: BTARDo/(Noel Knapp) from 127.0.0.1-3613440516 || BYOND v498
[21:34:31]ADMIN: BTARDo/(Noel Knapp) jumped to Research Division
[21:36:11]ADMIN: BTARDo/(Noel Knapp) healed / Rrvived BTARDo/(Noel Knapp)
[21:36:13]EMOTE: Noel Knapp/BTARDo : <B>Noel Knapp</B> coughs!
[21:36:14]EMOTE: Noel Knapp/BTARDo : <B>Noel Knapp</B> coughs!
[21:36:17]ACCESS: Logout: BTARDo/(Noel Knapp)


Starting up. 21:38.28
---------------------

[21:38:28]ADMIN: Loading jobban_rank
[21:38:28]ADMIN: jobban_keylist was empty
[21:38:28]ADMIN: Updating jobbanfile!
[21:38:28]ADMIN: Loading Banlist
[21:38:36]ACCESS: Login: BTARDo/(BTARDo) from 127.0.0.1-3613440516 || BYOND v498
[21:38:43]ADMIN: BTARDo has started the game.
[21:38:43]ACCESS: Logout: *no client*/(BTARDo)
[21:38:43]ACCESS: Login: BTARDo/(Noel Knapp) from 127.0.0.1-3613440516 || BYOND v498
[21:38:54]ADMIN: BTARDo/(Noel Knapp) jumped to Research Division
[21:40:04]ACCESS: Login: KrEwEdk0/(KrEwEdk0) from 31.131.202.143-4128135670 || BYOND v498
[21:40:17]ACCESS: Logout: *no client*/(KrEwEdk0)
[21:40:17]ACCESS: Login: KrEwEdk0/(Liam Mitchell) from 31.131.202.143-4128135670 || BYOND v498
[21:40:24]OOC: Liam Mitchell/KrEwEdk0 : тЕЛЕПОРТНИ МЕНЯ
[21:40:38]ADMIN: BTARDo/(Noel Knapp) teleported KrEwEdk0/(Liam Mitchell)
[21:40:46]OOC: Noel Knapp/BTARDo : Лол
[21:40:53]SAY: Liam Mitchell/KrEwEdk0 : Ты наху&#255; воздух закачиваешь?
[21:40:59]OOC: Noel Knapp/BTARDo : Так интереснее
[21:41:02]SAY: Liam Mitchell/KrEwEdk0 : Бл&#255;ть
[21:41:05]SAY: Liam Mitchell/KrEwEdk0 : наркоман
[21:41:06]SAY: Noel Knapp/BTARDo : Акак надо?
[21:41:16]SAY: Liam Mitchell/KrEwEdk0 : Ты вообще мудак штоле?
[21:42:24]SAY: mouse/ : SQUEEK!
[21:42:50]SAY: mouse/ : SQUEEK!
[21:42:52]SAY: Liam Mitchell/KrEwEdk0 : сюда
[21:42:53]SAY: Liam Mitchell/KrEwEdk0 : бл&#255;ть
[21:42:54]SAY: Liam Mitchell/KrEwEdk0 : мудак
[21:43:08]SAY: Liam Mitchell/KrEwEdk0 : Тащи плазму
[21:43:30]SAY: mouse/ : Squeek!
[21:43:32]SAY: Tom/ : Squeek!
[21:43:36]SAY: Liam Mitchell/KrEwEdk0 : Так
[21:43:42]SAY: Liam Mitchell/KrEwEdk0 : и вот ЭТо закачивать надо
[21:43:58]SAY: Noel Knapp/BTARDo : А фризер зачем?
[21:44:03]SAY: mouse/ : Squeek!
[21:44:06]SAY: Liam Mitchell/KrEwEdk0 : Кислород охлаждать
[21:44:16]SAY: Runtime/ : HSSSSS
[21:44:23]SAY: Liam Mitchell/KrEwEdk0 : сасай
[21:44:23]SAY: mouse/ : SQUEEK!
[21:44:24]ACCESS: Logout: KrEwEdk0/(Liam Mitchell)
[21:44:25]ADMIN: BTARDo/(Noel Knapp) jumped to 200,109,1 in the Toxins Mixing Room
[21:44:26]EMOTE: Liam Mitchell/KrEwEdk0 : <B>Liam Mitchell</B> snores.
[21:44:30]ADMIN: BTARDo/(Noel Knapp) jumped to 197,111,1 in the Toxins Mixing Room
[21:44:46]SAY: Noel Knapp/BTARDo : Нет, ты
[21:45:17]EMOTE: Noel Knapp/BTARDo : <B>Noel Knapp</B> coughs!
[21:45:22]SAY: Noel Knapp/BTARDo : А ты уверен, что все делаешь правильно?
[21:45:29]EMOTE: Liam Mitchell/KrEwEdk0 : <B>Liam Mitchell</B> gasps!
[21:45:35]ADMIN: BTARDo/(Noel Knapp) healed / Rrvived BTARDo/(Noel Knapp)
[21:45:35]EMOTE: Liam Mitchell/KrEwEdk0 : <B>Liam Mitchell</B> gasps!
[21:45:39]EMOTE: Noel Knapp/BTARDo : <B>Noel Knapp</B> gasps!
[21:45:41]EMOTE: Liam Mitchell/KrEwEdk0 : <B>Liam Mitchell</B> coughs!
[21:45:45]EMOTE: Liam Mitchell/KrEwEdk0 : <B>Liam Mitchell</B> coughs!
[21:45:49]EMOTE: Noel Knapp/BTARDo : <B>Noel Knapp</B> gasps!
[21:45:54]OOC: Noel Knapp/BTARDo : Не слышу ниху&#255;
[21:45:55]EMOTE: Noel Knapp/BTARDo : <B>Noel Knapp</B> gasps!
[21:46:05]EMOTE: Liam Mitchell/KrEwEdk0 : <B>Liam Mitchell</B> gasps!
[21:46:06]ADMIN: BTARDo/(Noel Knapp) healed / Rrvived BTARDo/(Noel Knapp)
[21:46:07]EMOTE: Noel Knapp/BTARDo : <B>Noel Knapp</B> gasps!
[21:46:08]ADMIN: BTARDo/(Noel Knapp) healed / Rrvived BTARDo/(Noel Knapp)
[21:46:09]EMOTE: Liam Mitchell/KrEwEdk0 : <B>Liam Mitchell</B> gasps!
[21:46:11]EMOTE: Noel Knapp/BTARDo : <B>Noel Knapp</B> coughs!
[21:46:13]EMOTE: Liam Mitchell/KrEwEdk0 : <B>Liam Mitchell</B> gasps!
[21:46:17]SAY: mouse/ : SQUEEK!
[21:46:17]EMOTE: Noel Knapp/BTARDo : <B>Noel Knapp</B> coughs!
[21:46:23]EMOTE: Liam Mitchell/KrEwEdk0 : <B>Liam Mitchell</B> gasps!
[21:46:29]ADMIN: BTARDo/(Noel Knapp) jumped to 197,112,1 in the Toxins Mixing Room
[21:46:33]EMOTE: Noel Knapp/BTARDo : <B>Noel Knapp</B> gasps!
[21:46:35]EMOTE: Noel Knapp/BTARDo : <B>Noel Knapp</B> gasps!
[21:46:37]EMOTE: Noel Knapp/BTARDo : <B>Noel Knapp</B> gasps!
[21:46:41]EMOTE: Noel Knapp/BTARDo : <B>Noel Knapp</B> gasps!
[21:46:42]ACCESS: Logout: BTARDo/(Noel Knapp)


Starting up. 22:00.40
---------------------

[22:00:40]ADMIN: Loading jobban_rank
[22:00:40]ADMIN: jobban_keylist was empty
[22:00:40]ADMIN: Updating jobbanfile!
[22:00:40]ADMIN: Loading Banlist
[22:01:12]ACCESS: Login: BTARDo/(BTARDo) from 127.0.0.1-3613440516 || BYOND v498
[22:01:25]ADMIN: BTARDo has started the game.
[22:01:25]ACCESS: Logout: *no client*/(BTARDo)
[22:01:25]ACCESS: Login: BTARDo/(Noel Knapp) from 127.0.0.1-3613440516 || BYOND v498
[22:01:37]ADMIN: BTARDo/(Noel Knapp) jumped to Research Division
[22:02:48]EMOTE: Noel Knapp/BTARDo : <B>Noel Knapp</B> seizes up and falls limp, his eyes dead and lifeless...
[22:03:27]SAY: mouse/ : Squeek?
[22:04:18]SAY: mouse/ : Squeek?
[22:05:42]SAY: mouse/ : Squeek!
[22:06:09]ACCESS: Logout: BTARDo/(Noel Knapp)


Starting up. 23:01.42
---------------------

[23:01:42]ADMIN: Loading jobban_rank
[23:01:42]ADMIN: jobban_keylist was empty
[23:01:42]ADMIN: Updating jobbanfile!
[23:01:42]ADMIN: Loading Banlist
[23:03:29]ACCESS: Login: KrEwEdk0/(KrEwEdk0) from 31.131.202.143-4128135670 || BYOND v498
[23:04:09]ADMIN: BTARDo has started the game.
[23:04:09]ACCESS: Logout: *no client*/(BTARDo)
[23:04:09]ACCESS: Login: BTARDo/(Noel Knapp) from 127.0.0.1-3613440516 || BYOND v498
[23:04:10]ACCESS: Logout: *no client*/(KrEwEdk0)
[23:04:10]ACCESS: Login: KrEwEdk0/(Ty Laurenzi) from 31.131.202.143-4128135670 || BYOND v498
[23:04:16]OOC: Ty Laurenzi/KrEwEdk0 : Таймер почини
[23:04:22]ADMIN: BTARDo/(Noel Knapp) jumped to Research Division
[23:04:27]OOC: Noel Knapp/BTARDo : Аа
[23:04:30]OOC: Noel Knapp/BTARDo : Точно
[23:04:40]OOC: Ty Laurenzi/KrEwEdk0 : танк трансферов не завезли
[23:05:16]OOC: Noel Knapp/BTARDo : Кого?
[23:05:23]OOC: Noel Knapp/BTARDo : Вентиль
[23:05:24]OOC: Noel Knapp/BTARDo : ?
[23:05:29]OOC: Ty Laurenzi/KrEwEdk0 : ВЕНТИЛЬ дл&#255; соединени&#255; канистр
[23:05:35]OOC: Noel Knapp/BTARDo : Куда именно?
[23:05:44]SAY: Ty Laurenzi/KrEwEdk0 : Сюда
[23:05:49]OOC: Noel Knapp/BTARDo : Ага
[23:05:52]SAY: Ty Laurenzi/KrEwEdk0 : Или сюда
[23:06:10]SAY: Ian/ : Woof!
[23:06:36]SAY: Ty Laurenzi/KrEwEdk0 : Так нагреетс&#255; лучше
[23:06:42]SAY: Ty Laurenzi/KrEwEdk0 : Ибо там было -271
[23:07:07]SAY: mouse/ : SQUEEK!
[23:07:42]SAY: Ty Laurenzi/KrEwEdk0 : Как долго гореть будет?
[23:07:50]SAY: Noel Knapp/BTARDo : Бесконечно
[23:07:59]SAY: Ty Laurenzi/KrEwEdk0 : бред же
[23:08:01]SAY: Noel Knapp/BTARDo : Или очень долго
[23:08:03]SAY: Noel Knapp/BTARDo : Я не знаю
[23:08:11]SAY: Noel Knapp/BTARDo : Так, как было на старом билде, в общем
[23:08:18]SAY: Ty Laurenzi/KrEwEdk0 : ну ок
[23:08:18]SAY: mouse/ : Squeek?
[23:08:23]SAY: Ty Laurenzi/KrEwEdk0 : а кислорад сгораетс&#255;?
[23:08:32]SAY: Noel Knapp/BTARDo : Не заметил
[23:08:38]SAY: Ty Laurenzi/KrEwEdk0 : ну похуй
[23:08:46]SAY: Noel Knapp/BTARDo : Может и сгораетс&#255;, но не в таких колич&#255;ествах
[23:08:48]SAY: Ty Laurenzi/KrEwEdk0 : 5985
[23:08:50]SAY: Noel Knapp/BTARDo : как было
[23:08:51]SAY: Ty Laurenzi/KrEwEdk0 : маловато
[23:09:08]SAY: Runtime/ : Purr!
[23:09:13]SAY: Ty Laurenzi/KrEwEdk0 : хуева&#255; температура
[23:09:20]SAY: Noel Knapp/BTARDo : Почему?
[23:09:24]SAY: Ty Laurenzi/KrEwEdk0 : Дл&#255; нормальной бомбы 13000 нужно
[23:09:24]SAY: Ian/ : Woof!
[23:09:30]SAY: corgi puppy/ : AUUUUUU
[23:10:15]SAY: mouse/ : Squeek?
[23:10:20]SAY: Ty Laurenzi/KrEwEdk0 : Так
[23:10:24]SAY: Ty Laurenzi/KrEwEdk0 : Есть 2 способа
[23:10:27]SAY: Tom/ : SQUEEK!
[23:10:33]SAY: Ty Laurenzi/KrEwEdk0 : Кслорода + вс&#255; эта смесь
[23:10:45]SAY: Ty Laurenzi/KrEwEdk0 : Или кислород + чиста&#255; плазма гор&#255;ча&#255;
[23:10:46]ADMIN: BTARDo/(Noel Knapp) made all areas powered
[23:10:50]ADMIN: BTARDo/(Noel Knapp) used secret power
[23:10:59]SAY: Noel Knapp/BTARDo : Похуй
[23:11:01]SAY: Ty Laurenzi/KrEwEdk0 : бл&#255;ть
[23:11:03]SAY: Noel Knapp/BTARDo : Любой давай
[23:11:06]SAY: Ty Laurenzi/KrEwEdk0 : кислород же охладить надо
[23:11:34]ADMIN: BTARDo/(Noel Knapp) made all SMESs powered
[23:11:34]ADMIN: BTARDo/(Noel Knapp) used secret quickpower
[23:11:37]SAY: Ty Laurenzi/KrEwEdk0 : ну ка
[23:12:27]SAY: Ty Laurenzi/KrEwEdk0 : не
[23:12:30]SAY: Ty Laurenzi/KrEwEdk0 : 5985
[23:12:35]SAY: Ty Laurenzi/KrEwEdk0 : выше не поднимаетс&#255;
[23:12:37]SAY: Noel Knapp/BTARDo : Я вижу
[23:12:49]SAY: mouse/ : SQUEEK!
[23:12:52]SAY: Noel Knapp/BTARDo : Да похуй
[23:12:58]SAY: Noel Knapp/BTARDo : Главное, что бомбы есть
[23:13:09]SAY: Noel Knapp/BTARDo : Поом можно этот нерфоцирк убрать
[23:13:09]SAY: Ty Laurenzi/KrEwEdk0 : там написанна где-нибудь максимальна&#255; температура?
[23:13:13]SAY: Noel Knapp/BTARDo : Да
[23:13:22]SAY: Ty Laurenzi/KrEwEdk0 : Скопируй мне в скаеп код
[23:13:24]SAY: Ty Laurenzi/KrEwEdk0 : Я почитаю
[23:13:40]SAY: Noel Knapp/BTARDo : Еще бы вспомнить, где именно
[23:13:44]SAY: Ty Laurenzi/KrEwEdk0 : лол
[23:14.04] CPR BUGHINTING: Noel Knapp shakes Noel Knapp: health - 100, threshold - 0. Health details: OX 0 TX 0 BU 0 BR 0  Blood: 560 out of 560
[23:14:10]SAY: Noel Knapp/BTARDo : Давай бомбу?
[23:14:16]SAY: Ty Laurenzi/KrEwEdk0 : жди
[23:14:24]SAY: Ty Laurenzi/KrEwEdk0 : Кислород должен охладитс&#255;
[23:14:52]SAY: Ty Laurenzi/KrEwEdk0 : Краны спавни
[23:15:09]SAY: mouse/ : Squeek!
[23:15:13]SAY: mouse/ : SQUEEK!
[23:15:20]ADMIN: BTARDo/(Noel Knapp) created a /obj/item/device/transfer_valve
[23:15:22]ADMIN: ATTACK: Noel Knapp (btardo) was hit by the wallet thrown by ()
[23:15:30]SAY: Noel Knapp/BTARDo : Это?
[23:15:33]SAY: Ty Laurenzi/KrEwEdk0 : да
[23:15:45]ADMIN: BTARDo/(Noel Knapp) created a /obj/item/device/transfer_valve
[23:16:03]SAY: Noel Knapp/BTARDo : Сколько?
[23:16.50] CPR BUGHINTING: Noel Knapp shakes Noel Knapp: health - 99, threshold - 0. Health details: OX 0 TX 0 BU 0 BR 1  Blood: 560 out of 560
[23:17:08]GAME: <a href="byond://?src=%admin_ref%;priv_msg=[0x5000001]">KrEwEdk0</a>/(Ty Laurenzi) attached a the remote signaling device to a transfer valve.
[23:17:12]SAY: Noel Knapp/BTARDo : Лол
[23:17:14]SAY: Noel Knapp/BTARDo : Бомба?
[23:17:27]SAY: Ty Laurenzi/KrEwEdk0 : так
[23:17:32]SAY: Ty Laurenzi/KrEwEdk0 : Что взрываем
[23:17:33]SAY: Noel Knapp/BTARDo : Никогда ее не видел
[23:17:35]SAY: Noel Knapp/BTARDo : ИИ
[23:18:02]SAY: Tom/ : Squeek!
[23:18:27]SAY: Ty Laurenzi/KrEwEdk0 : пшли
[23:18:37]GAME: Bomb valve opened in <A HREF='?src=%holder_ref%;adminplayerobservecoodjump=1;X=113;Y=116;Z=1'>Secure Network Access</a> with the remote signaling device attacher: Ty Laurenzi(krewedk0)(<A HREF='?src=%holder_ref%;adminmoreinfo=[0x3000084]'>?</A>) Last touched by: KrEwEdk0(<A HREF='?src=%holder_ref%;adminmoreinfo=[0x3000084]'>?</A>)
[23:18:38]GAME: Explosion with size (3, 7, 14) in area Secure Network Access 
[23:18:47]SAY: Noel Knapp/BTARDo : Лол
[23:18:52]SAY: Tom/ : SQUEEK!
[23:18:52]EMOTE: Noel Knapp/BTARDo : <B>Noel Knapp</B> gasps!
[23:18:54]SAY: Noel Knapp/BTARDo : Ниху&#255;
[23:18:54]EMOTE: Noel Knapp/BTARDo : <B>Noel Knapp</B> gasps!
[23:18:56]OOC: Ty Laurenzi/KrEwEdk0 : 10 из 10 оп
[23:19:02]EMOTE: Noel Knapp/BTARDo : <B>Noel Knapp</B> gasps!
[23:19:03]OOC: Ty Laurenzi/KrEwEdk0 : Как на том самом анимусе
[23:19:08]SAY: Runtime/ : Purr!
[23:19:10]OOC: Noel Knapp/BTARDo : Хорошие бомбы?
[23:19:15]OOC: Ty Laurenzi/KrEwEdk0 : А то!
[23:19:27]OOC: Noel Knapp/BTARDo : Я тут поспрайтил
[23:19:33]OOC: Noel Knapp/BTARDo : И красные полы смделал д&#255;л ИИ
[23:19:47]OOC: Ty Laurenzi/KrEwEdk0 : какой радиус по логам?
[23:19:53]EMOTE: Ty Laurenzi/KrEwEdk0 : <B>Ty Laurenzi</B> gasps!
[23:19:55]EMOTE: Ty Laurenzi/KrEwEdk0 : <B>Ty Laurenzi</B> gasps!
[23:19:55]OOC: Noel Knapp/BTARDo : 3, 7, 14
[23:20:03]OOC: Ty Laurenzi/KrEwEdk0 : заебись
[23:20:09]EMOTE: Noel Knapp/BTARDo : <B>Noel Knapp</B> gasps for air!
[23:20:12]OOC: Noel Knapp/BTARDo : И это же маленький ?
[23:20:18]OOC: Noel Knapp/BTARDo : Можно же еще больше?
[23:20:18]OOC: Ty Laurenzi/KrEwEdk0 : йеп
[23:20:19]EMOTE: Ty Laurenzi/KrEwEdk0 : <B>Ty Laurenzi</B> gasps!
[23:20:25]EMOTE: Ty Laurenzi/KrEwEdk0 : <B>Ty Laurenzi</B> seizes up and falls limp, his eyes dead and lifeless...
[23:20:32]ACCESS: Logout: *no client*/(Ty Laurenzi)
[23:20:32]ACCESS: Login: KrEwEdk0/(Ty Laurenzi) from 31.131.202.143-4128135670 || BYOND v498
[23:20:33]OOC: Noel Knapp/BTARDo : Надо посмотреть код
[23:20:38]OOC: Noel Knapp/BTARDo : Но это завтра
[23:20:40]OOC: Noel Knapp/BTARDo : Я пошел
[23:20:43]EMOTE: Noel Knapp/BTARDo : <B>Noel Knapp</B> gasps!
[23:20:44]OOC: Ty Laurenzi/KrEwEdk0 : gjrf
[23:20:47]OOC: Noel Knapp/BTARDo : Пока
[23:20:48]OOC: Ty Laurenzi/KrEwEdk0 : Пока
[23:20:49]ACCESS: Logout: BTARDo/(Noel Knapp)
[23:20:55]ACCESS: Logout: KrEwEdk0/(Ty Laurenzi)
