

Starting up. 11:01.04
---------------------



Starting up. 11:02.11
---------------------



Starting up. 11:04.22
---------------------



Starting up. 11:15.22
---------------------



Starting up. 11:26.33
---------------------



Starting up. 11:33.17
---------------------



Starting up. 12:01.39
---------------------



Starting up. 12:15.24
---------------------



Starting up. 17:31.57
---------------------



Starting up. 17:38.47
---------------------



Starting up. 17:51.06
---------------------



Starting up. 18:03.02
---------------------



Starting up. 18:19.09
---------------------



Starting up. 18:32.34
---------------------

[18:33:56]ATTACK: <font color='red'>Uriel Barrett (krewedk0) used the DNA-Injector (Structural Enzymes) to inject Uriel Barrett (krewedk0)</font>
[18:33:56]ATTACK: KrEwEdk0/(Uriel Barrett) injected KrEwEdk0/(Uriel Barrett) with the DNA-Injector (Structural Enzymes)
[18:34:28]ATTACK: <font color='red'>Uriel Barrett (krewedk0) used the DNA-Injector (Structural Enzymes) to inject Uriel Barrett (krewedk0)</font>
[18:34:28]ATTACK: KrEwEdk0/(Uriel Barrett) injected KrEwEdk0/(Uriel Barrett) with the DNA-Injector (Structural Enzymes)
[18:35:48]ATTACK: <font color='red'>Uriel Barrett (krewedk0) used the DNA-Injector (Structural Enzymes) to inject Uriel Barrett (krewedk0)</font>
[18:35:48]ATTACK: KrEwEdk0/(Uriel Barrett) injected KrEwEdk0/(Uriel Barrett) with the DNA-Injector (Structural Enzymes)
[18:36:36]ATTACK: <font color='red'>Uriel Barrett (krewedk0) used the DNA-Injector (Structural Enzymes) to inject Uriel Barrett (krewedk0)</font>
[18:36:36]ATTACK: KrEwEdk0/(Uriel Barrett) injected KrEwEdk0/(Uriel Barrett) with the DNA-Injector (Structural Enzymes)
[18:37:31]ATTACK: <font color='red'>Uriel Barrett (krewedk0) used the DNA-Injector (Structural Enzymes) to inject Uriel Barrett (krewedk0)</font>
[18:37:31]ATTACK: KrEwEdk0/(Uriel Barrett) injected KrEwEdk0/(Uriel Barrett) with the DNA-Injector (Structural Enzymes)
[18:38:20]ATTACK: <font color='red'>Uriel Barrett (krewedk0) used the DNA-Injector (Structural Enzymes) to inject Uriel Barrett (krewedk0)</font>
[18:38:20]ATTACK: KrEwEdk0/(Uriel Barrett) injected KrEwEdk0/(Uriel Barrett) with the DNA-Injector (Structural Enzymes)
[18:39:17]ATTACK: <font color='red'>Uriel Barrett (krewedk0) used the DNA-Injector (Structural Enzymes) to inject Uriel Barrett (krewedk0)</font>
[18:39:17]ATTACK: KrEwEdk0/(Uriel Barrett) injected KrEwEdk0/(Uriel Barrett) with the DNA-Injector (Structural Enzymes)
[18:40:13]ATTACK: <font color='red'>Uriel Barrett (krewedk0) used the DNA-Injector (Structural Enzymes) to inject Uriel Barrett (krewedk0)</font>
[18:40:13]ATTACK: KrEwEdk0/(Uriel Barrett) injected KrEwEdk0/(Uriel Barrett) with the DNA-Injector (Structural Enzymes)
[18:41:01]ATTACK: <font color='red'>Uriel Barrett (krewedk0) used the DNA-Injector (Structural Enzymes) to inject Uriel Barrett (krewedk0)</font>
[18:41:01]ATTACK: KrEwEdk0/(Uriel Barrett) injected KrEwEdk0/(Uriel Barrett) with the DNA-Injector (Structural Enzymes)
[18:43:05]ATTACK: <font color='red'>Uriel Barrett (krewedk0) used the DNA-Injector (Structural Enzymes) to inject Uriel Barrett (krewedk0)</font>
[18:43:05]ATTACK: KrEwEdk0/(Uriel Barrett) injected KrEwEdk0/(Uriel Barrett) with the DNA-Injector (Structural Enzymes)
[18:44:01]ATTACK: <font color='red'>Uriel Barrett (krewedk0) used the DNA-Injector (Structural Enzymes) to inject Uriel Barrett (krewedk0)</font>
[18:44:01]ATTACK: KrEwEdk0/(Uriel Barrett) injected KrEwEdk0/(Uriel Barrett) with the DNA-Injector (Structural Enzymes)
[18:45:32]ATTACK: <font color='red'>Uriel Barrett (krewedk0) used the DNA-Injector (Structural Enzymes) to inject Uriel Barrett (krewedk0)</font>
[18:45:32]ATTACK: KrEwEdk0/(Uriel Barrett) injected KrEwEdk0/(Uriel Barrett) with the DNA-Injector (Structural Enzymes)
[18:46:11]ATTACK: <font color='red'>Uriel Barrett (krewedk0) used the DNA-Injector (Structural Enzymes) to inject Noel Knapp (btardo)</font>
[18:46:11]ATTACK: KrEwEdk0/(Uriel Barrett) injected BTARDo/(Noel Knapp) with the DNA-Injector (Structural Enzymes)
[18:46:52]ATTACK: <font color='red'>Uriel Barrett (krewedk0) used the DNA-Injector (Structural Enzymes) to inject Uriel Barrett (krewedk0)</font>
[18:46:52]ATTACK: KrEwEdk0/(Uriel Barrett) injected KrEwEdk0/(Uriel Barrett) with the DNA-Injector (Structural Enzymes)
[18:48:17]ATTACK: <font color='red'>Uriel Barrett (krewedk0) used the DNA-Injector (Structural Enzymes) to inject Uriel Barrett (krewedk0)</font>
[18:48:17]ATTACK: KrEwEdk0/(Uriel Barrett) injected KrEwEdk0/(Uriel Barrett) with the DNA-Injector (Structural Enzymes)


Starting up. 19:38.25
---------------------



Starting up. 19:49.53
---------------------

[19:56:31]ATTACK: <font color='red'>Tamsin Clarke (krewedk0) was hit by the clipboard thrown by ()</font>


Starting up. 20:09.00
---------------------



Starting up. 20:11.53
---------------------



Starting up. 20:45.13
---------------------



Starting up. 21:08.18
---------------------



Starting up. 21:18.15
---------------------



Starting up. 21:24.21
---------------------



Starting up. 21:29.20
---------------------



Starting up. 21:33.27
---------------------



Starting up. 21:38.28
---------------------



Starting up. 22:00.40
---------------------



Starting up. 23:01.42
---------------------

[23:15:22]ATTACK: <font color='red'>Noel Knapp (btardo) was hit by the wallet thrown by ()</font>
