

Starting up. 11:27.28
---------------------



Starting up. 11:39.32
---------------------



Starting up. 11:53.02
---------------------



Starting up. 12:05.04
---------------------



Starting up. 12:15.22
---------------------



Starting up. 12:16.41
---------------------



Starting up. 12:28.58
---------------------

[12:51:23]ATTACK: <font color='red'>Noel Knapp (btardo) was hit by the tank transfer valve thrown by (KrEwEdk0)</font>
[13:06:31]ATTACK: <font color='red'>Noel Knapp (btardo) grabbed the neck of Lennox Mason (krewedk0)</font>


Starting up. 13:14.48
---------------------



Starting up. 13:19.14
---------------------



Starting up. 13:36.14
---------------------



Starting up. 13:42.01
---------------------



Starting up. 13:55.21
---------------------



Starting up. 14:10.22
---------------------



Starting up. 14:21.49
---------------------



Starting up. 14:28.41
---------------------



Starting up. 14:39.17
---------------------



Starting up. 14:51.24
---------------------



Starting up. 14:54.46
---------------------



Starting up. 14:56.57
---------------------



Starting up. 15:03.02
---------------------



Starting up. 15:10.57
---------------------

[15:26:44]ATTACK: <font color='red'>Noel Knapp (btardo) was hit by Noel Knapp's ID Card (Captain) thrown by (BTARDo)</font>
[15:59:00]ATTACK: <font color='red'>Noel Knapp (btardo) attacked monkey (863) () with wrench (INTENT: HURT) (DAMTYE: BRUTE)</font>
[15:59:02]ATTACK: <font color='red'>Noel Knapp (btardo) attacked monkey (863) () with wrench (INTENT: HURT) (DAMTYE: BRUTE)</font>
[15:59:03]ATTACK: <font color='red'>Noel Knapp (btardo) attacked monkey (863) () with wrench (INTENT: HURT) (DAMTYE: BRUTE)</font>
[16:00:50]ATTACK: <font color='red'>Noel Knapp (btardo) scratched Mitchell Mckendrick (krewedk0)</font>
[16:01:23]ATTACK: <font color='red'>Mitchell Mckendrick (krewedk0) grabbed the neck of Noel Knapp (btardo)</font>
[16:01:30]ATTACK: <font color='red'>Mitchell Mckendrick (krewedk0) Strangled (kill intent) Noel Knapp (btardo)</font>
[16:03:56]ATTACK: <font color='red'>Mitchell Mckendrick (krewedk0) disarmed Noel Knapp (btardo)</font>
[16:03:57]ATTACK: <font color='red'>Mitchell Mckendrick (krewedk0) disarmed Noel Knapp (btardo)</font>
[16:03:59]ATTACK: <font color='red'>Mitchell Mckendrick (krewedk0) disarmed Noel Knapp (btardo)</font>
[16:04:01]ATTACK: <font color='red'>Mitchell Mckendrick (krewedk0) disarmed Noel Knapp (btardo)</font>
[16:04:02]ATTACK: <font color='red'>Mitchell Mckendrick (krewedk0) disarmed Noel Knapp (btardo)</font>
[16:04:04]ATTACK: <font color='red'>Mitchell Mckendrick (krewedk0) disarmed Noel Knapp (btardo)</font>
[16:04:05]ATTACK: <font color='red'>Mitchell Mckendrick (krewedk0) disarmed Noel Knapp (btardo)</font>
[16:04:06]ATTACK: <font color='red'>Mitchell Mckendrick (krewedk0) disarmed Noel Knapp (btardo)</font>
[16:04:08]ATTACK: <font color='red'>Mitchell Mckendrick (krewedk0) disarmed Noel Knapp (btardo)</font>
[16:04:09]ATTACK: <font color='red'>Mitchell Mckendrick (krewedk0) disarmed Noel Knapp (btardo)</font>
[16:04:11]ATTACK: <font color='red'>Mitchell Mckendrick (krewedk0) disarmed Noel Knapp (btardo)</font>
[16:04:12]ATTACK: <font color='red'>Mitchell Mckendrick (krewedk0) disarmed Noel Knapp (btardo)</font>
[16:04:19]ATTACK: <font color='red'>Mitchell Mckendrick (krewedk0) grabbed the neck of Noel Knapp (btardo)</font>
[16:05:35]ATTACK: <font color='red'>Mitchell Mckendrick (krewedk0) grabbed the neck of Noel Knapp (btardo)</font>


Starting up. 17:35.17
---------------------



Starting up. 17:49.40
---------------------

[17:50:16]ATTACK: <font color='red'>Noel Knapp (btardo) was hit by the bucket thrown by (BTARDo)</font>


Starting up. 18:02.37
---------------------



Starting up. 18:11.44
---------------------

[18:43:55]ATTACK: <font color='red'>Leland Cox (krewedk0) primed a grenade.</font>
[18:49:48]ATTACK: <font color='red'>Leland Cox (krewedk0) primed a grenade.</font>
[18:53:47]ATTACK: <font color='red'>Leland Cox (krewedk0) primed a grenade.</font>


Starting up. 19:00.44
---------------------

[19:07:04]ATTACK: <font color='red'>Noel Knapp (btardo) attacked Noel Knapp (btardo) with package wrapper (INTENT: HELP) (DAMTYE: BRUTE)</font>
[19:07:06]ATTACK: <font color='red'>Noel Knapp (btardo) attacked Noel Knapp (btardo) with package wrapper (INTENT: HELP) (DAMTYE: BRUTE)</font>
[19:07:07]ATTACK: <font color='red'>Noel Knapp (btardo) attacked Noel Knapp (btardo) with package wrapper (INTENT: HELP) (DAMTYE: BRUTE)</font>
[19:07:44]ATTACK: <font color='red'>Malachi Harrison (krewedk0) primed a grenade.</font>
[19:10:26]ATTACK: <font color='red'>Malachi Harrison (krewedk0) disarmed Noel Knapp (btardo)</font>
[19:10:28]ATTACK: <font color='red'>Malachi Harrison (krewedk0) disarmed Noel Knapp (btardo)</font>
[19:10:30]ATTACK: <font color='red'>Malachi Harrison (krewedk0) disarmed Noel Knapp (btardo)</font>
[19:10:32]ATTACK: <font color='red'>Malachi Harrison (krewedk0) disarmed Noel Knapp (btardo)</font>
[19:10:46]ATTACK: <font color='red'>Malachi Harrison (krewedk0) disarmed Noel Knapp (btardo)</font>
[19:10:48]ATTACK: <font color='red'>Malachi Harrison (krewedk0) disarmed Noel Knapp (btardo)</font>
[19:10:49]ATTACK: <font color='red'>Malachi Harrison (krewedk0) disarmed Noel Knapp (btardo)</font>
[19:10:50]ATTACK: <font color='red'>Malachi Harrison (krewedk0) disarmed Noel Knapp (btardo)</font>
[19:16:32]ATTACK: <font color='red'>Noel Knapp (btardo) attacked Malachi Harrison (krewedk0) with crowbar (INTENT: HELP) (DAMTYE: BRUTE)</font>
[19:19:25]ATTACK: <font color='red'>Malachi Harrison (krewedk0) disarmed Malachi Harrison (krewedk0)</font>


Starting up. 20:15.30
---------------------

[20:31:01]ATTACK: <font color='red'>Asher Sauter (krewedk0) used the DNA-Injector (Structural Enzymes) to inject Asher Sauter (krewedk0)</font>
[20:31:01]ATTACK: KrEwEdk0/(Asher Sauter) injected KrEwEdk0/(Asher Sauter) with the DNA-Injector (Structural Enzymes)
[20:31:35]ATTACK: <font color='red'>Asher Sauter (krewedk0) used the DNA-Injector (Structural Enzymes) to inject Asher Sauter (krewedk0)</font>
[20:31:35]ATTACK: KrEwEdk0/(Asher Sauter) injected KrEwEdk0/(Asher Sauter) with the DNA-Injector (Structural Enzymes)
[20:38:08]ATTACK: <font color='red'>Asher Sauter (krewedk0) used the DNA-Injector (Structural Enzymes) to inject Asher Sauter (krewedk0)</font>
[20:38:08]ATTACK: KrEwEdk0/(Asher Sauter) injected KrEwEdk0/(Asher Sauter) with the DNA-Injector (Structural Enzymes)
[20:40:30]ATTACK: <font color='red'>Asher Sauter (krewedk0) used the DNA-Injector (Structural Enzymes) to inject Asher Sauter (krewedk0)</font>
[20:40:30]ATTACK: KrEwEdk0/(Asher Sauter) injected KrEwEdk0/(Asher Sauter) with the DNA-Injector (Structural Enzymes)
[20:41:53]ATTACK: <font color='red'>Asher Sauter (krewedk0) used the DNA-Injector (Structural Enzymes) to inject Asher Sauter (krewedk0)</font>
[20:41:53]ATTACK: KrEwEdk0/(Asher Sauter) injected KrEwEdk0/(Asher Sauter) with the DNA-Injector (Structural Enzymes)
[20:43:02]ATTACK: <font color='red'>Asher Sauter (krewedk0) used the DNA-Injector (Structural Enzymes) to inject Asher Sauter (krewedk0)</font>
[20:43:02]ATTACK: KrEwEdk0/(Asher Sauter) injected KrEwEdk0/(Asher Sauter) with the DNA-Injector (Structural Enzymes)
[20:43:38]ATTACK: <font color='red'>Asher Sauter (krewedk0) used the DNA-Injector (Structural Enzymes) to inject Asher Sauter (krewedk0)</font>
[20:43:38]ATTACK: KrEwEdk0/(Asher Sauter) injected KrEwEdk0/(Asher Sauter) with the DNA-Injector (Structural Enzymes)
[20:44:18]ATTACK: <font color='red'>Asher Sauter (krewedk0) fed Francisco Mitchell () with Anti-toxins pill (INTENT: GRAB)</font>
[20:44:31]ATTACK: <font color='red'>Asher Sauter (krewedk0) used the DNA-Injector (Structural Enzymes) to inject Asher Sauter (krewedk0)</font>
[20:44:31]ATTACK: KrEwEdk0/(Asher Sauter) injected KrEwEdk0/(Asher Sauter) with the DNA-Injector (Structural Enzymes)
[20:45:08]ATTACK: <font color='red'>Sorrel Milne (zelling) attacked Sorrel Milne (zelling) with crowbar (INTENT: HELP) (DAMTYE: BRUTE)</font>
[20:45:16]ATTACK: <font color='red'>Asher Sauter (krewedk0) used the DNA-Injector (Structural Enzymes) to inject Asher Sauter (krewedk0)</font>
[20:45:16]ATTACK: KrEwEdk0/(Asher Sauter) injected KrEwEdk0/(Asher Sauter) with the DNA-Injector (Structural Enzymes)
[20:46:07]ATTACK: <font color='red'>Asher Sauter (krewedk0) used the DNA-Injector (Structural Enzymes) to inject Asher Sauter (krewedk0)</font>
[20:46:07]ATTACK: KrEwEdk0/(Asher Sauter) injected KrEwEdk0/(Asher Sauter) with the DNA-Injector (Structural Enzymes)
[20:59:26]ATTACK: <font color='red'>Sorrel Milne (zelling) Has thrown Asher Sauter (krewedk0) from <font color='#6b5d00'>tile at 117, 85, 1 in area the Engineering Break Room</font> with the target <font color='#6b4400'>tile at 123, 85, 1 in area Atmospherics</font></font>
[21:04:17]ATTACK: <font color='red'>Anderson Williams (glicerin) attacked Anderson Williams (glicerin) with wallet (INTENT: HELP) (DAMTYE: BRUTE)</font>
[21:04:58]ATTACK: <font color='red'>Sorrel Milne (zelling) primed a flashbang</font>


Starting up. 21:11.59
---------------------

[21:37:31]ATTACK: <font color='red'>Sorrel Milne (zelling) Has thrown Pun Pun () from <font color='#6b5d00'>tile at 139, 135, 1 in area the Bar</font> with the target <font color='#6b4400'>tile at 138, 140, 1 in area the Theatre</font></font>
[21:38:41]ATTACK: <font color='red'>Anderson Williams (glicerin) grabbed the neck of Pun Pun ()</font>
[21:38:53]ATTACK: <font color='red'>Sorrel Milne (zelling) Has thrown Pun Pun () from <font color='#6b5d00'>tile at 136, 139, 1 in area the Bar</font> with the target <font color='#6b4400'>tile at 137, 142, 1 in area the Theatre</font></font>
[21:39:46]ATTACK: <font color='red'>Anderson Williams (glicerin) grabbed the neck of Pun Pun ()</font>
[21:40:00]ATTACK: <font color='red'>Anderson Williams (glicerin) grabbed the neck of Pun Pun ()</font>
[21:40:23]ATTACK: <font color='red'> Sorrel Milne (zelling) attacked Pun Pun () with fork (INTENT: HURT)</font>
[21:40:24]ATTACK: <font color='red'> Sorrel Milne (zelling) attacked Pun Pun () with fork (INTENT: HURT)</font>
[21:40:25]ATTACK: <font color='red'>Anderson Williams (glicerin) grabbed the neck of Pun Pun ()</font>
[21:40:28]ATTACK: <font color='red'> Sorrel Milne (zelling) attacked Pun Pun () with fork (INTENT: HURT)</font>
[21:40:29]ATTACK: <font color='red'> Sorrel Milne (zelling) attacked Pun Pun () with fork (INTENT: HURT)</font>
[21:40:29]ATTACK: <font color='red'>Anderson Williams (glicerin) Has thrown Pun Pun () from <font color='#6b5d00'>tile at 141, 135, 1 in area the Bar</font> with the target <font color='#6b4400'>tile at 139, 135, 1 in area the Bar</font></font>
[21:40:32]ATTACK: <font color='red'> Sorrel Milne (zelling) attacked Pun Pun () with fork (INTENT: HURT)</font>
[21:40:36]ATTACK: <font color='red'> Sorrel Milne (zelling) attacked Pun Pun () with fork (INTENT: HURT)</font>
[21:43:33]ATTACK: <font color='red'>Sorrel Milne (zelling) was hit by the d20 thrown by (Glicerin)</font>
[21:44:03]ATTACK: <font color='red'>Sorrel Milne (zelling) attacked Anderson Williams with a bottle. (glicerin)</font>
[21:47:33]ATTACK: <font color='red'>Sorrel Milne (zelling) primed a grenade.</font>
[21:54:19]ATTACK: <font color='red'>Sorrel Milne (zelling) attacked monkey (397) () with scalpel (INTENT: HURT) (DAMTYE: BRUTE)</font>
[21:54:20]ATTACK: <font color='red'>Sorrel Milne (zelling) attacked monkey (397) () with scalpel (INTENT: HURT) (DAMTYE: BRUTE)</font>
[21:54:23]ATTACK: <font color='red'>Sorrel Milne (zelling) attacked monkey (496) () with scalpel (INTENT: HURT) (DAMTYE: BRUTE)</font>
[21:54:23]ATTACK: <font color='red'>Anderson Williams (glicerin) attacked monkey (397) () with stun baton (INTENT: HURT) (DAMTYE: BRUTE)</font>
[21:54:24]ATTACK: <font color='red'>Sorrel Milne (zelling) attacked monkey (496) () with scalpel (INTENT: HURT) (DAMTYE: BRUTE)</font>
[21:54:25]ATTACK: <font color='red'>Sorrel Milne (zelling) attacked monkey (496) () with scalpel (INTENT: HURT) (DAMTYE: BRUTE)</font>
[21:54:26]ATTACK: <font color='red'>Anderson Williams (glicerin) attacked monkey (496) () with stun baton (INTENT: HURT) (DAMTYE: BRUTE)</font>
[21:54:27]ATTACK: <font color='red'>Anderson Williams (glicerin) attacked monkey (496) () with stun baton (INTENT: HURT) (DAMTYE: BRUTE)</font>
[21:54:27]ATTACK: <font color='red'>Sorrel Milne (zelling) attacked monkey (496) () with scalpel (INTENT: HURT) (DAMTYE: BRUTE)</font>
[21:54:29]ATTACK: <font color='red'>Anderson Williams (glicerin) attacked monkey (772) () with stun baton (INTENT: HURT) (DAMTYE: BRUTE)</font>
[21:54:30]ATTACK: <font color='red'>Sorrel Milne (zelling) attacked monkey (772) () with scalpel (INTENT: HURT) (DAMTYE: BRUTE)</font>
[21:54:30]ATTACK: <font color='red'>Anderson Williams (glicerin) attacked monkey (772) () with stun baton (INTENT: HURT) (DAMTYE: BRUTE)</font>
[21:54:31]ATTACK: <font color='red'>Sorrel Milne (zelling) attacked monkey (772) () with scalpel (INTENT: HURT) (DAMTYE: BRUTE)</font>
[21:54:32]ATTACK: <font color='red'>Sorrel Milne (zelling) attacked monkey (772) () with scalpel (INTENT: HURT) (DAMTYE: BRUTE)</font>
[21:54:33]ATTACK: <font color='red'>Sorrel Milne (zelling) attacked monkey (982) () with scalpel (INTENT: HURT) (DAMTYE: BRUTE)</font>
[21:54:36]ATTACK: <font color='red'>Anderson Williams (glicerin) attacked monkey (982) () with stun baton (INTENT: HURT) (DAMTYE: BRUTE)</font>
[21:54:42]ATTACK: <font color='red'>Anderson Williams (glicerin) attacked monkey (397) () with stun baton (INTENT: HURT) (DAMTYE: BRUTE)</font>
[21:54:45]ATTACK: <font color='red'>Anderson Williams (glicerin) attacked monkey (772) () with stun baton (INTENT: HURT) (DAMTYE: BRUTE)</font>
[21:54:50]ATTACK: <font color='red'>Sorrel Milne (zelling) attacked monkey (496) () with scalpel (INTENT: HURT) (DAMTYE: BRUTE)</font>
[21:54:51]ATTACK: <font color='red'>Sorrel Milne (zelling) attacked monkey (496) () with scalpel (INTENT: HURT) (DAMTYE: BRUTE)</font>
[21:54:52]ATTACK: <font color='red'>Sorrel Milne (zelling) attacked monkey (496) () with scalpel (INTENT: HURT) (DAMTYE: BRUTE)</font>
[21:54:53]ATTACK: <font color='red'>Sorrel Milne (zelling) attacked monkey (496) () with scalpel (INTENT: HURT) (DAMTYE: BRUTE)</font>
[21:54:54]ATTACK: <font color='red'>Anderson Williams (glicerin) attacked monkey (397) () with stun baton (INTENT: HURT) (DAMTYE: BRUTE)</font>
[21:54:55]ATTACK: <font color='red'>Sorrel Milne (zelling) attacked monkey (496) () with scalpel (INTENT: HURT) (DAMTYE: BRUTE)</font>
[21:54:57]ATTACK: <font color='red'>Sorrel Milne (zelling) attacked monkey (496) () with scalpel (INTENT: HURT) (DAMTYE: BRUTE)</font>
[21:54:58]ATTACK: <font color='red'>Anderson Williams (glicerin) attacked monkey (772) () with stun baton (INTENT: HURT) (DAMTYE: BRUTE)</font>
[21:54:58]ATTACK: <font color='red'>Sorrel Milne (zelling) attacked monkey (982) () with scalpel (INTENT: HURT) (DAMTYE: BRUTE)</font>
[21:55:00]ATTACK: <font color='red'>Anderson Williams (glicerin) attacked monkey (982) () with stun baton (INTENT: HURT) (DAMTYE: BRUTE)</font>
[21:55:00]ATTACK: <font color='red'>Sorrel Milne (zelling) attacked monkey (982) () with scalpel (INTENT: HURT) (DAMTYE: BRUTE)</font>
[21:55:02]ATTACK: <font color='red'>Sorrel Milne (zelling) attacked monkey (982) () with scalpel (INTENT: HURT) (DAMTYE: BRUTE)</font>
[21:55:03]ATTACK: <font color='red'>Sorrel Milne (zelling) attacked monkey (982) () with scalpel (INTENT: HURT) (DAMTYE: BRUTE)</font>
[21:55:04]ATTACK: <font color='red'>Sorrel Milne (zelling) attacked monkey (982) () with scalpel (INTENT: HURT) (DAMTYE: BRUTE)</font>
[21:55:06]ATTACK: <font color='red'>Sorrel Milne (zelling) attacked monkey (982) () with scalpel (INTENT: HURT) (DAMTYE: BRUTE)</font>
[21:55:07]ATTACK: <font color='red'>Sorrel Milne (zelling) attacked monkey (397) () with scalpel (INTENT: HURT) (DAMTYE: BRUTE)</font>
[21:55:08]ATTACK: <font color='red'>Sorrel Milne (zelling) attacked monkey (397) () with scalpel (INTENT: HURT) (DAMTYE: BRUTE)</font>
[21:55:09]ATTACK: <font color='red'>Sorrel Milne (zelling) attacked monkey (397) () with scalpel (INTENT: HURT) (DAMTYE: BRUTE)</font>
[21:55:13]ATTACK: <font color='red'>Sorrel Milne (zelling) attacked monkey (772) () with scalpel (INTENT: HURT) (DAMTYE: BRUTE)</font>
[21:55:15]ATTACK: <font color='red'>Anderson Williams (glicerin) grabbed the neck of monkey (397) ()</font>
[21:55:24]ATTACK: <font color='red'>Anderson Williams (glicerin) Has thrown monkey (397) () from <font color='#6b5d00'>tile at 182, 100, 1 in area the Xenobiology Lab</font> with the target <font color='#6b4400'>tile at 180, 97, 1 in area the Xenobiology Lab</font></font>
[22:03:20]ATTACK: <font color='red'>Sorrel Milne (zelling) shot Anderson Williams (glicerin) with a /obj/item/projectile/energy/electrode</font>
