

Starting up. 17:17.31
---------------------

[17:17:31]ADMIN: Loading jobban_rank
[17:17:31]ADMIN: jobban_keylist was empty
[17:17:31]ADMIN: Updating jobbanfile!
[17:17:31]ADMIN: Loading Banlist


Starting up. 17:20.35
---------------------

[17:20:35]ADMIN: Loading jobban_rank
[17:20:35]ADMIN: jobban_keylist was empty
[17:20:35]ADMIN: Updating jobbanfile!
[17:20:35]ADMIN: Loading Banlist
[17:20:39]ADMIN: BTARDo has started the game.
[17:20:42]ACCESS: Logout: *no client*/(BTARDo)
[17:20:42]ACCESS: Login: BTARDo/(Noel Knapp) from 127.0.0.1-3613440516 || BYOND v498
[17:23:02]ACCESS: Logout: BTARDo/(Noel Knapp)


Starting up. 17:31.30
---------------------

[17:31:30]ADMIN: Loading jobban_rank
[17:31:30]ADMIN: jobban_keylist was empty
[17:31:30]ADMIN: Updating jobbanfile!
[17:31:30]ADMIN: Loading Banlist
[17:31:53]ACCESS: Login: BTARDo/(BTARDo) from 127.0.0.1-3613440516 || BYOND v498
[17:31:59]ADMIN: BTARDo has started the game.
[17:31:59]ACCESS: Logout: *no client*/(BTARDo)
[17:31:59]ACCESS: Login: BTARDo/(Noel Knapp) from 127.0.0.1-3613440516 || BYOND v498
[17:32:06]ADMIN: BTARDo/(Noel Knapp) jumped to 99,126,1 in the Captain's Quarters
[17:32:24]SAY: Runtime/ : Meow!
[17:32:41]SAY: Runtime/ : Purr!
[17:34:06]ACCESS: Logout: BTARDo/(Noel Knapp)


Starting up. 17:35.52
---------------------

[17:35:52]ADMIN: Loading jobban_rank
[17:35:52]ADMIN: jobban_keylist was empty
[17:35:52]ADMIN: Updating jobbanfile!
[17:35:52]ADMIN: Loading Banlist


Starting up. 17:36.43
---------------------

[17:36:43]ADMIN: Loading jobban_rank
[17:36:43]ADMIN: jobban_keylist was empty
[17:36:43]ADMIN: Updating jobbanfile!
[17:36:43]ADMIN: Loading Banlist
[17:37:01]ACCESS: Login: BTARDo/(BTARDo) from 127.0.0.1-3613440516 || BYOND v498
[17:37:08]ADMIN: BTARDo has started the game.
[17:37:09]ACCESS: Logout: *no client*/(BTARDo)
[17:37:09]ACCESS: Login: BTARDo/(Noel Knapp) from 127.0.0.1-3613440516 || BYOND v498
[17:37:12]ADMIN: BTARDo/(Noel Knapp) jumped to 99,126,1 in the Captain's Quarters
[17:37:15]ADMIN: BTARDo/(Noel Knapp) jumped to 98,119,1 in the Central Primary Hallway
[17:37:18]ADMIN: BTARDo/(Noel Knapp) jumped to 100,111,1 in the Aft Primary Hallway
[17:39:12]ADMIN: BTARDo/(Noel Knapp) jumped to 113,87,1 in the Aft Primary Hallway
[17:39:15]ADMIN: BTARDo/(Noel Knapp) jumped to 113,95,1 in the Aft Primary Hallway
[17:39:18]ADMIN: BTARDo/(Noel Knapp) jumped to 113,103,1 in the Aft Primary Hallway
[17:39:21]ADMIN: BTARDo/(Noel Knapp) jumped to 113,113,1 in the Aft Primary Hallway
[17:41:19]ACCESS: Login: KrEwEdk0/(KrEwEdk0) from 213.109.2.1-1205400011 || BYOND v498
[17:41:38]OOC: Noel Knapp/BTARDo :  
[17:41:38]ACCESS: Logout: *no client*/(KrEwEdk0)
[17:41:38]ACCESS: Login: KrEwEdk0/(Nicholas Power) from 213.109.2.1-1205400011 || BYOND v498
[17:41:56]ADMIN: BTARDo/(Noel Knapp) teleported BTARDo/(Noel Knapp)
[17:42:02]SAY: Ian/ : Bark!
[17:42:03]ADMIN: BTARDo/(Noel Knapp) teleported KrEwEdk0/(Nicholas Power)
[17:42:23]SAY: Noel Knapp/BTARDo : Главы могут зайти
[17:42:51]SAY: Nicholas Power/KrEwEdk0 : Эм
[17:42:54]SAY: Nicholas Power/KrEwEdk0 : защиту сн&#255;л
[17:42:54]SAY: Nicholas Power/KrEwEdk0 : А
[17:42:56]SAY: Noel Knapp/BTARDo : Сначала ключ
[17:42:59]SAY: Noel Knapp/BTARDo : Гаетчный
[17:42:59]SAY: Nicholas Power/KrEwEdk0 : отверткой не открываетс&#255;
[17:43:04]SAY: Nicholas Power/KrEwEdk0 : уже бл&#255;ть
[17:43:04]SAY: Nicholas Power/KrEwEdk0 : мудак
[17:43:07]SAY: Nicholas Power/KrEwEdk0 : Я по-твоему тупой?
[17:43:15]SAY: Nicholas Power/KrEwEdk0 : бл&#255;ть
[17:43:16]SAY: Nicholas Power/KrEwEdk0 : ОП
[17:43:20]SAY: Nicholas Power/KrEwEdk0 : на хуй кроче иди
[17:43:31]OOC: Noel Knapp/BTARDo : лол
[17:43:56]ADMIN: BTARDo/(Noel Knapp) jumped to KrEwEdk0/(Nicholas Power)
[17:44:07]OOC: Noel Knapp/BTARDo : Сейчас &#255; починю
[17:44:25]OOC: Noel Knapp/BTARDo : Работает же защита
[17:44:43]OOC: Nicholas Power/KrEwEdk0 : Она работала бы, еслиб после ее сн&#255;ти&#255; можно было открыть панель
[17:45:02]OOC: Noel Knapp/BTARDo : Почти работает
[17:45:29]OOC: Noel Knapp/BTARDo : Иду исправл&#255;ть
[17:45:31]ACCESS: Logout: BTARDo/(Noel Knapp)
[17:51:04]SAY: Ian/ : YAP
[17:52:21]ACCESS: Logout: KrEwEdk0/(Nicholas Power)


Starting up. 17:56.23
---------------------

[17:56:23]ADMIN: Loading jobban_rank
[17:56:23]ADMIN: jobban_keylist was empty
[17:56:23]ADMIN: Updating jobbanfile!
[17:56:23]ADMIN: Loading Banlist
[17:56:23]ADMIN: Banlist is empty.
[17:56:23]ADMIN: Banlist missing base dir.
[17:56:27]ACCESS: Login: KrEwEdk0/(KrEwEdk0) from 213.109.2.1-1205400011 || BYOND v498
[17:56:51]ADMIN: BTARDo has started the game.
[17:56:51]ACCESS: Logout: *no client*/(BTARDo)
[17:56:51]ACCESS: Login: BTARDo/(Noel Knapp) from 127.0.0.1-3613440516 || BYOND v498
[17:56:51]ACCESS: Logout: *no client*/(KrEwEdk0)
[17:56:51]ACCESS: Login: KrEwEdk0/(Tony Tedrow) from 213.109.2.1-1205400011 || BYOND v498
[17:56:54]ADMIN: BTARDo/(Noel Knapp) jumped to 99,126,1 in the Captain's Quarters
[17:57:16]ADMIN: HELP: KrEwEdk0/(Tony Tedrow): ты наху&#255; мне ООЦ мутнул? - heard by 1 non-AFK admins.
[17:57:28]ADMIN: BTARDo/(Noel Knapp) has muted KrEwEdk0/(Tony Tedrow) from OOC
[17:57:30]ADMIN: BTARDo/(Noel Knapp) has unmuted KrEwEdk0/(Tony Tedrow) from OOC
[17:57:35]OOC: Noel Knapp/BTARDo : Ghj,eq
[17:57:38]OOC: Noel Knapp/BTARDo : Пробуй
[17:57:44]ADMIN: HELP: KrEwEdk0/(Tony Tedrow): You have OOC muted. - heard by 1 non-AFK admins.
[17:57:51]ADMIN: BTARDo/(Noel Knapp) has muted KrEwEdk0/(Tony Tedrow) from OOC
[17:57:55]OOC: Noel Knapp/BTARDo : А сейчас?
[17:58:13]SAY: Tony Tedrow/KrEwEdk0 : 0Ты мне ооц сломал
[17:58:16]SAY: Tony Tedrow/KrEwEdk0 : пидор
[17:58:21]SAY: Noel Knapp/BTARDo : Лол
[17:58:25]SAY: Noel Knapp/BTARDo : Починю сейчас
[17:58:51]SAY: Tony Tedrow/KrEwEdk0 : А теперь вопрос
[17:58:54]SAY: Tony Tedrow/KrEwEdk0 : Что ты починил?
[17:58:59]SAY: Noel Knapp/BTARDo : Ничего
[17:59:00]SAY: Tony Tedrow/KrEwEdk0 : Все еще ниху&#255; не работает
[17:59:08]SAY: Noel Knapp/BTARDo : Ладно
[17:59:11]SAY: Noel Knapp/BTARDo : Сейчас починю
[17:59:12]SAY: Noel Knapp/BTARDo : Лол
[17:59:16]SAY: Tony Tedrow/KrEwEdk0 : а что ты компилировал?
[17:59:21]SAY: Noel Knapp/BTARDo : Билд
[17:59:25]SAY: Tony Tedrow/KrEwEdk0 : Наху&#255;?
[17:59:28]SAY: Tony Tedrow/KrEwEdk0 : Если не мен&#255;л ничего
[17:59:34]SAY: Noel Knapp/BTARDo : Да мен&#255;л &#255;
[17:59:40]ADMIN: ATTACK: Tony Tedrow (krewedk0) Has thrown Noel Knapp (btardo) from <font color='#6b5d00'>tile at 113, 113, 1 in area the Aft Primary Hallway</font> with the target <font color='#6b4400'>tile at 111, 110, 1 in area the Vault</font>
[17:59:43]ACCESS: Logout: BTARDo/(Noel Knapp)
[17:59:43]ADMIN: ATTACK: Tony Tedrow (krewedk0) Has thrown Noel Knapp (btardo) from <font color='#6b5d00'>tile at 112, 112, 1 in area the Aft Primary Hallway</font> with the target <font color='#6b4400'>tile at 111, 110, 1 in area the Vault</font>
[17:59:45]EMOTE: Noel Knapp/BTARDo : <B>Noel Knapp</B> screams!
[17:59:45]ACCESS: Logout: KrEwEdk0/(Tony Tedrow)


Starting up. 18:16.23
---------------------

[18:16:23]ADMIN: Loading jobban_rank
[18:16:23]ADMIN: jobban_keylist was empty
[18:16:23]ADMIN: Updating jobbanfile!
[18:16:23]ADMIN: Loading Banlist
[18:16:31]ACCESS: Login: KrEwEdk0/(KrEwEdk0) from 213.109.2.1-1205400011 || BYOND v498
[18:17:05]ADMIN: BTARDo has started the game.
[18:17:06]ACCESS: Logout: *no client*/(BTARDo)
[18:17:06]ACCESS: Login: BTARDo/(Noel Knapp) from 127.0.0.1-3613440516 || BYOND v498
[18:17:06]ACCESS: Logout: *no client*/(KrEwEdk0)
[18:17:06]ACCESS: Login: KrEwEdk0/(Dirk Sommer) from 213.109.2.1-1205400011 || BYOND v498
[18:17:10]ADMIN: BTARDo/(Noel Knapp) jumped to 99,126,1 in the Captain's Quarters
[18:17:14]ADMIN: BTARDo/(Noel Knapp) jumped to 98,121,1 in the Central Primary Hallway
[18:17:17]ADMIN: BTARDo/(Noel Knapp) jumped to 99,113,1 in the Aft Primary Hallway
[18:17:20]ADMIN: BTARDo/(Noel Knapp) jumped to 108,113,1 in the Aft Primary Hallway
[18:18:09]SAY: Dirk Sommer/KrEwEdk0 : О да
[18:18:40]SAY: Dirk Sommer/KrEwEdk0 : лолка
[18:18:45]OOC: Noel Knapp/BTARDo : Xnj&amp;
[18:18:45]SAY: Dirk Sommer/KrEwEdk0 : Тест лайт был выключен
[18:18:47]OOC: Noel Knapp/BTARDo : Что?
[18:18:52]SAY: Dirk Sommer/KrEwEdk0 : А дверь с лома не открывалась
[18:18:57]OOC: Noel Knapp/BTARDo : Лол
[18:19:11]OOC: Noel Knapp/BTARDo : Тест лайт?
[18:19:16]OOC: Dirk Sommer/KrEwEdk0 : Ну да
[18:19:32]OOC: Noel Knapp/BTARDo : А она дверью открываетс&#255;?
[18:19:40]OOC: Noel Knapp/BTARDo : ломом
[18:19:43]OOC: Noel Knapp/BTARDo : юл&#255;ть
[18:19:45]OOC: Noel Knapp/BTARDo : бл&#255;ть
[18:20:06]SAY: Dirk Sommer/KrEwEdk0 : Есть способ проверить
[18:20:35]SAY: Dirk Sommer/KrEwEdk0 : лол
[18:20:39]SAY: Dirk Sommer/KrEwEdk0 : А хули она не выключилась
[18:22:01]OOC: Dirk Sommer/KrEwEdk0 : говно
[18:22:06]OOC: Dirk Sommer/KrEwEdk0 : Она даже без света открываетс&#255;
[18:22:35]SAY: Dirk Sommer/KrEwEdk0 : Видишт
[18:22:38]SAY: Dirk Sommer/KrEwEdk0 : А эта не работает
[18:22:45]SAY: Dirk Sommer/KrEwEdk0 : Спизди код элетричества
[18:22:48]SAY: Dirk Sommer/KrEwEdk0 : И открыти&#255; ломом
[18:22:53]OOC: Noel Knapp/BTARDo : Но эти двери тоже открываютс&#255;
[18:22:59]SAY: Dirk Sommer/KrEwEdk0 : бл&#255;ть
[18:23:00]SAY: Dirk Sommer/KrEwEdk0 : Ты глупый
[18:23:02]SAY: Dirk Sommer/KrEwEdk0 : ???
[18:23:09]SAY: Dirk Sommer/KrEwEdk0 : У каждой из ЭТИХ двух свой апц
[18:23:10]SAY: Dirk Sommer/KrEwEdk0 : мудак
[18:23:10]OOC: Noel Knapp/BTARDo : Пон&#255;л
[18:23:15]SAY: Dirk Sommer/KrEwEdk0 : Я их поочередно выключил
[18:23:27]OOC: Noel Knapp/BTARDo : Лол
[18:23:35]OOC: Noel Knapp/BTARDo : Я забыл прописать им питание
[18:23:39]ADMIN: BTARDo/(Noel Knapp) modified Secure Airlock's active_power_usage to 11111
[18:23:45]OOC: Dirk Sommer/KrEwEdk0 : И нетолько питание
[18:23:53]OOC: Dirk Sommer/KrEwEdk0 : Они на лом не реагируют никак
[18:24:14]OOC: Noel Knapp/BTARDo : Мне просто лень было писать код
[18:24:27]OOC: Noel Knapp/BTARDo : Я решил пока без лома
[18:24:49]SAY: Ian/ : AUUUUUU
[18:24:57]ACCESS: Logout: BTARDo/(Noel Knapp)
[18:25:02]ACCESS: Logout: KrEwEdk0/(Dirk Sommer)


Starting up. 18:51.33
---------------------

[18:51:33]ADMIN: Loading jobban_rank
[18:51:33]ADMIN: jobban_keylist was empty
[18:51:33]ADMIN: Updating jobbanfile!
[18:51:33]ADMIN: Loading Banlist
[18:52:04]ACCESS: Login: BTARDo/(BTARDo) from 127.0.0.1-3613440516 || BYOND v498
[18:52:09]ADMIN: BTARDo has started the game.
[18:52:10]ACCESS: Logout: *no client*/(BTARDo)
[18:52:10]ACCESS: Login: BTARDo/(Noel Knapp) from 127.0.0.1-3613440516 || BYOND v498
[18:52:17]ADMIN: BTARDo/(Noel Knapp) jumped to 99,126,1 in the Captain's Quarters
[18:58:58]ACCESS: Logout: BTARDo/(Noel Knapp)
